{"/mnt/c/Users/airma/OneDrive/Desktop/resume-tailor-project/frontend/src/components/CriticalFeedback.tsx": {"path":"/mnt/c/Users/airma/OneDrive/Desktop/resume-tailor-project/frontend/src/components/CriticalFeedback.tsx","statementMap":{"0":{"start":{"line":46,"column":30},"end":{"line":46,"column":null}},"1":{"start":{"line":47,"column":40},"end":{"line":47,"column":null}},"2":{"start":{"line":48,"column":24},"end":{"line":48,"column":null}},"3":{"start":{"line":49,"column":42},"end":{"line":49,"column":null}},"4":{"start":{"line":51,"column":23},"end":{"line":108,"column":null}},"5":{"start":{"line":52,"column":4},"end":{"line":52,"column":null}},"6":{"start":{"line":53,"column":4},"end":{"line":53,"column":null}},"7":{"start":{"line":55,"column":4},"end":{"line":107,"column":null}},"8":{"start":{"line":56,"column":26},"end":{"line":56,"column":null}},"9":{"start":{"line":58,"column":27},"end":{"line":61,"column":null}},"10":{"start":{"line":63,"column":22},"end":{"line":68,"column":null}},"11":{"start":{"line":70,"column":23},"end":{"line":75,"column":null}},"12":{"start":{"line":77,"column":21},"end":{"line":77,"column":null}},"13":{"start":{"line":79,"column":6},"end":{"line":101,"column":null}},"14":{"start":{"line":80,"column":8},"end":{"line":80,"column":null}},"15":{"start":{"line":83,"column":25},"end":{"line":86,"column":null}},"16":{"start":{"line":88,"column":27},"end":{"line":88,"column":null}},"17":{"start":{"line":89,"column":8},"end":{"line":96,"column":null}},"18":{"start":{"line":98,"column":8},"end":{"line":98,"column":null}},"19":{"start":{"line":100,"column":8},"end":{"line":100,"column":null}},"20":{"start":{"line":103,"column":6},"end":{"line":103,"column":null}},"21":{"start":{"line":104,"column":6},"end":{"line":104,"column":null}},"22":{"start":{"line":106,"column":6},"end":{"line":106,"column":null}},"23":{"start":{"line":110,"column":25},"end":{"line":120,"column":null}},"24":{"start":{"line":111,"column":17},"end":{"line":111,"column":null}},"25":{"start":{"line":112,"column":16},"end":{"line":112,"column":null}},"26":{"start":{"line":113,"column":14},"end":{"line":113,"column":null}},"27":{"start":{"line":114,"column":4},"end":{"line":114,"column":null}},"28":{"start":{"line":115,"column":4},"end":{"line":115,"column":null}},"29":{"start":{"line":116,"column":4},"end":{"line":116,"column":null}},"30":{"start":{"line":117,"column":4},"end":{"line":117,"column":null}},"31":{"start":{"line":118,"column":4},"end":{"line":118,"column":null}},"32":{"start":{"line":119,"column":4},"end":{"line":119,"column":null}},"33":{"start":{"line":122,"column":25},"end":{"line":127,"column":null}},"34":{"start":{"line":123,"column":4},"end":{"line":123,"column":null}},"35":{"start":{"line":123,"column":21},"end":{"line":123,"column":null}},"36":{"start":{"line":124,"column":4},"end":{"line":124,"column":null}},"37":{"start":{"line":124,"column":21},"end":{"line":124,"column":null}},"38":{"start":{"line":125,"column":4},"end":{"line":125,"column":null}},"39":{"start":{"line":125,"column":21},"end":{"line":125,"column":null}},"40":{"start":{"line":126,"column":4},"end":{"line":126,"column":null}},"41":{"start":{"line":129,"column":2},"end":{"line":344,"column":null}},"42":{"start":{"line":153,"column":61},"end":{"line":153,"column":null}},"43":{"start":{"line":193,"column":18},"end":{"line":195,"column":null}},"44":{"start":{"line":208,"column":18},"end":{"line":210,"column":null}},"45":{"start":{"line":223,"column":18},"end":{"line":225,"column":null}},"46":{"start":{"line":238,"column":18},"end":{"line":240,"column":null}},"47":{"start":{"line":253,"column":18},"end":{"line":255,"column":null}},"48":{"start":{"line":275,"column":27},"end":{"line":275,"column":null}},"49":{"start":{"line":281,"column":54},"end":{"line":281,"column":80}},"50":{"start":{"line":284,"column":39},"end":{"line":284,"column":93}},"51":{"start":{"line":287,"column":57},"end":{"line":287,"column":109}}},"fnMap":{"0":{"name":"CriticalFeedback","decl":{"start":{"line":38,"column":24},"end":{"line":38,"column":41}},"loc":{"start":{"line":45,"column":26},"end":{"line":346,"column":null}},"line":45},"1":{"name":"(anonymous_1)","decl":{"start":{"line":51,"column":23},"end":{"line":51,"column":35}},"loc":{"start":{"line":51,"column":35},"end":{"line":108,"column":null}},"line":51},"2":{"name":"(anonymous_2)","decl":{"start":{"line":110,"column":25},"end":{"line":110,"column":26}},"loc":{"start":{"line":110,"column":64},"end":{"line":120,"column":null}},"line":110},"3":{"name":"(anonymous_3)","decl":{"start":{"line":122,"column":25},"end":{"line":122,"column":26}},"loc":{"start":{"line":122,"column":45},"end":{"line":127,"column":null}},"line":122},"4":{"name":"(anonymous_4)","decl":{"start":{"line":153,"column":55},"end":{"line":153,"column":61}},"loc":{"start":{"line":153,"column":61},"end":{"line":153,"column":null}},"line":153},"5":{"name":"(anonymous_5)","decl":{"start":{"line":192,"column":46},"end":{"line":192,"column":47}},"loc":{"start":{"line":193,"column":18},"end":{"line":195,"column":null}},"line":193},"6":{"name":"(anonymous_6)","decl":{"start":{"line":207,"column":47},"end":{"line":207,"column":48}},"loc":{"start":{"line":208,"column":18},"end":{"line":210,"column":null}},"line":208},"7":{"name":"(anonymous_7)","decl":{"start":{"line":222,"column":45},"end":{"line":222,"column":46}},"loc":{"start":{"line":223,"column":18},"end":{"line":225,"column":null}},"line":223},"8":{"name":"(anonymous_8)","decl":{"start":{"line":237,"column":52},"end":{"line":237,"column":53}},"loc":{"start":{"line":238,"column":18},"end":{"line":240,"column":null}},"line":238},"9":{"name":"(anonymous_9)","decl":{"start":{"line":252,"column":53},"end":{"line":252,"column":54}},"loc":{"start":{"line":253,"column":18},"end":{"line":255,"column":null}},"line":253},"10":{"name":"(anonymous_10)","decl":{"start":{"line":275,"column":21},"end":{"line":275,"column":27}},"loc":{"start":{"line":275,"column":27},"end":{"line":275,"column":null}},"line":275},"11":{"name":"(anonymous_11)","decl":{"start":{"line":281,"column":48},"end":{"line":281,"column":54}},"loc":{"start":{"line":281,"column":54},"end":{"line":281,"column":80}},"line":281},"12":{"name":"(anonymous_12)","decl":{"start":{"line":284,"column":33},"end":{"line":284,"column":39}},"loc":{"start":{"line":284,"column":39},"end":{"line":284,"column":93}},"line":284},"13":{"name":"(anonymous_13)","decl":{"start":{"line":287,"column":51},"end":{"line":287,"column":57}},"loc":{"start":{"line":287,"column":57},"end":{"line":287,"column":109}},"line":287}},"branchMap":{"0":{"loc":{"start":{"line":79,"column":6},"end":{"line":101,"column":null}},"type":"if","locations":[{"start":{"line":79,"column":6},"end":{"line":101,"column":null}},{"start":{"line":99,"column":13},"end":{"line":101,"column":null}}],"line":79},"1":{"loc":{"start":{"line":100,"column":24},"end":{"line":100,"column":67}},"type":"binary-expr","locations":[{"start":{"line":100,"column":24},"end":{"line":100,"column":42}},{"start":{"line":100,"column":42},"end":{"line":100,"column":67}}],"line":100},"2":{"loc":{"start":{"line":104,"column":15},"end":{"line":104,"column":77}},"type":"cond-expr","locations":[{"start":{"line":104,"column":38},"end":{"line":104,"column":52}},{"start":{"line":104,"column":52},"end":{"line":104,"column":77}}],"line":104},"3":{"loc":{"start":{"line":123,"column":4},"end":{"line":123,"column":null}},"type":"if","locations":[{"start":{"line":123,"column":4},"end":{"line":123,"column":null}},{"start":{},"end":{}}],"line":123},"4":{"loc":{"start":{"line":124,"column":4},"end":{"line":124,"column":null}},"type":"if","locations":[{"start":{"line":124,"column":4},"end":{"line":124,"column":null}},{"start":{},"end":{}}],"line":124},"5":{"loc":{"start":{"line":125,"column":4},"end":{"line":125,"column":null}},"type":"if","locations":[{"start":{"line":125,"column":4},"end":{"line":125,"column":null}},{"start":{},"end":{}}],"line":125},"6":{"loc":{"start":{"line":141,"column":26},"end":{"line":141,"column":null}},"type":"binary-expr","locations":[{"start":{"line":141,"column":26},"end":{"line":141,"column":38}},{"start":{"line":141,"column":38},"end":{"line":141,"column":null}}],"line":141},"7":{"loc":{"start":{"line":143,"column":17},"end":{"line":143,"column":null}},"type":"cond-expr","locations":[{"start":{"line":143,"column":33},"end":{"line":143,"column":45}},{"start":{"line":143,"column":45},"end":{"line":143,"column":null}}],"line":143},"8":{"loc":{"start":{"line":152,"column":11},"end":{"line":155,"column":null}},"type":"binary-expr","locations":[{"start":{"line":152,"column":11},"end":{"line":152,"column":null}},{"start":{"line":153,"column":12},"end":{"line":155,"column":null}}],"line":152},"9":{"loc":{"start":{"line":158,"column":11},"end":{"line":164,"column":null}},"type":"binary-expr","locations":[{"start":{"line":158,"column":11},"end":{"line":158,"column":null}},{"start":{"line":159,"column":12},"end":{"line":164,"column":null}}],"line":158},"10":{"loc":{"start":{"line":167,"column":11},"end":{"line":170,"column":null}},"type":"binary-expr","locations":[{"start":{"line":167,"column":11},"end":{"line":167,"column":null}},{"start":{"line":168,"column":12},"end":{"line":170,"column":null}}],"line":167},"11":{"loc":{"start":{"line":176,"column":43},"end":{"line":176,"column":76}},"type":"binary-expr","locations":[{"start":{"line":176,"column":43},"end":{"line":176,"column":75}},{"start":{"line":176,"column":75},"end":{"line":176,"column":76}}],"line":176},"12":{"loc":{"start":{"line":177,"column":17},"end":{"line":177,"column":51}},"type":"binary-expr","locations":[{"start":{"line":177,"column":17},"end":{"line":177,"column":49}},{"start":{"line":177,"column":49},"end":{"line":177,"column":51}}],"line":177},"13":{"loc":{"start":{"line":182,"column":20},"end":{"line":182,"column":69}},"type":"binary-expr","locations":[{"start":{"line":182,"column":20},"end":{"line":182,"column":46}},{"start":{"line":182,"column":46},"end":{"line":182,"column":69}}],"line":182},"14":{"loc":{"start":{"line":186,"column":11},"end":{"line":198,"column":null}},"type":"binary-expr","locations":[{"start":{"line":186,"column":11},"end":{"line":186,"column":39}},{"start":{"line":186,"column":39},"end":{"line":186,"column":null}},{"start":{"line":187,"column":12},"end":{"line":198,"column":null}}],"line":186},"15":{"loc":{"start":{"line":201,"column":11},"end":{"line":213,"column":null}},"type":"binary-expr","locations":[{"start":{"line":201,"column":11},"end":{"line":201,"column":40}},{"start":{"line":201,"column":40},"end":{"line":201,"column":null}},{"start":{"line":202,"column":12},"end":{"line":213,"column":null}}],"line":201},"16":{"loc":{"start":{"line":216,"column":11},"end":{"line":228,"column":null}},"type":"binary-expr","locations":[{"start":{"line":216,"column":11},"end":{"line":216,"column":38}},{"start":{"line":216,"column":38},"end":{"line":216,"column":null}},{"start":{"line":217,"column":12},"end":{"line":228,"column":null}}],"line":216},"17":{"loc":{"start":{"line":231,"column":11},"end":{"line":243,"column":null}},"type":"binary-expr","locations":[{"start":{"line":231,"column":11},"end":{"line":231,"column":45}},{"start":{"line":231,"column":45},"end":{"line":231,"column":null}},{"start":{"line":232,"column":12},"end":{"line":243,"column":null}}],"line":231},"18":{"loc":{"start":{"line":246,"column":11},"end":{"line":258,"column":null}},"type":"binary-expr","locations":[{"start":{"line":246,"column":11},"end":{"line":246,"column":46}},{"start":{"line":246,"column":46},"end":{"line":246,"column":null}},{"start":{"line":247,"column":12},"end":{"line":258,"column":null}}],"line":246},"19":{"loc":{"start":{"line":261,"column":11},"end":{"line":267,"column":null}},"type":"binary-expr","locations":[{"start":{"line":261,"column":11},"end":{"line":261,"column":null}},{"start":{"line":262,"column":12},"end":{"line":267,"column":null}}],"line":261},"20":{"loc":{"start":{"line":272,"column":7},"end":{"line":342,"column":null}},"type":"binary-expr","locations":[{"start":{"line":272,"column":7},"end":{"line":272,"column":null}},{"start":{"line":273,"column":8},"end":{"line":342,"column":null}}],"line":272}},"s":{"0":14,"1":14,"2":14,"3":14,"4":14,"5":0,"6":0,"7":0,"8":0,"9":0,"10":0,"11":0,"12":0,"13":0,"14":0,"15":0,"16":0,"17":0,"18":0,"19":0,"20":0,"21":0,"22":0,"23":14,"24":0,"25":0,"26":0,"27":0,"28":0,"29":0,"30":0,"31":0,"32":0,"33":14,"34":14,"35":1,"36":13,"37":11,"38":2,"39":2,"40":1,"41":14,"42":0,"43":24,"44":12,"45":12,"46":12,"47":12,"48":0,"49":0,"50":0,"51":0},"f":{"0":14,"1":0,"2":0,"3":14,"4":0,"5":24,"6":12,"7":12,"8":12,"9":12,"10":0,"11":0,"12":0,"13":0},"b":{"0":[0,0],"1":[0,0],"2":[0,0],"3":[1,13],"4":[11,2],"5":[1,1],"6":[14,14],"7":[0,14],"8":[14,0],"9":[14,0],"10":[14,0],"11":[14,0],"12":[14,0],"13":[14,2],"14":[14,13,12],"15":[14,13,12],"16":[14,13,12],"17":[14,13,12],"18":[14,13,12],"19":[14,12],"20":[14,0]},"meta":{"lastBranch":21,"lastFunction":14,"lastStatement":52,"seen":{"f:38:24:38:41":0,"s:46:30:46:Infinity":0,"s:47:40:47:Infinity":1,"s:48:24:48:Infinity":2,"s:49:42:49:Infinity":3,"s:51:23:108:Infinity":4,"f:51:23:51:35":1,"s:52:4:52:Infinity":5,"s:53:4:53:Infinity":6,"s:55:4:107:Infinity":7,"s:56:26:56:Infinity":8,"s:58:27:61:Infinity":9,"s:63:22:68:Infinity":10,"s:70:23:75:Infinity":11,"s:77:21:77:Infinity":12,"b:79:6:101:Infinity:99:13:101:Infinity":0,"s:79:6:101:Infinity":13,"s:80:8:80:Infinity":14,"s:83:25:86:Infinity":15,"s:88:27:88:Infinity":16,"s:89:8:96:Infinity":17,"s:98:8:98:Infinity":18,"s:100:8:100:Infinity":19,"b:100:24:100:42:100:42:100:67":1,"s:103:6:103:Infinity":20,"s:104:6:104:Infinity":21,"b:104:38:104:52:104:52:104:77":2,"s:106:6:106:Infinity":22,"s:110:25:120:Infinity":23,"f:110:25:110:26":2,"s:111:17:111:Infinity":24,"s:112:16:112:Infinity":25,"s:113:14:113:Infinity":26,"s:114:4:114:Infinity":27,"s:115:4:115:Infinity":28,"s:116:4:116:Infinity":29,"s:117:4:117:Infinity":30,"s:118:4:118:Infinity":31,"s:119:4:119:Infinity":32,"s:122:25:127:Infinity":33,"f:122:25:122:26":3,"b:123:4:123:Infinity:undefined:undefined:undefined:undefined":3,"s:123:4:123:Infinity":34,"s:123:21:123:Infinity":35,"b:124:4:124:Infinity:undefined:undefined:undefined:undefined":4,"s:124:4:124:Infinity":36,"s:124:21:124:Infinity":37,"b:125:4:125:Infinity:undefined:undefined:undefined:undefined":5,"s:125:4:125:Infinity":38,"s:125:21:125:Infinity":39,"s:126:4:126:Infinity":40,"s:129:2:344:Infinity":41,"b:141:26:141:38:141:38:141:Infinity":6,"b:143:33:143:45:143:45:143:Infinity":7,"b:152:11:152:Infinity:153:12:155:Infinity":8,"f:153:55:153:61":4,"s:153:61:153:Infinity":42,"b:158:11:158:Infinity:159:12:164:Infinity":9,"b:167:11:167:Infinity:168:12:170:Infinity":10,"b:176:43:176:75:176:75:176:76":11,"b:177:17:177:49:177:49:177:51":12,"b:182:20:182:46:182:46:182:69":13,"b:186:11:186:39:186:39:186:Infinity:187:12:198:Infinity":14,"f:192:46:192:47":5,"s:193:18:195:Infinity":43,"b:201:11:201:40:201:40:201:Infinity:202:12:213:Infinity":15,"f:207:47:207:48":6,"s:208:18:210:Infinity":44,"b:216:11:216:38:216:38:216:Infinity:217:12:228:Infinity":16,"f:222:45:222:46":7,"s:223:18:225:Infinity":45,"b:231:11:231:45:231:45:231:Infinity:232:12:243:Infinity":17,"f:237:52:237:53":8,"s:238:18:240:Infinity":46,"b:246:11:246:46:246:46:246:Infinity:247:12:258:Infinity":18,"f:252:53:252:54":9,"s:253:18:255:Infinity":47,"b:261:11:261:Infinity:262:12:267:Infinity":19,"b:272:7:272:Infinity:273:8:342:Infinity":20,"f:275:21:275:27":10,"s:275:27:275:Infinity":48,"f:281:48:281:54":11,"s:281:54:281:80":49,"f:284:33:284:39":12,"s:284:39:284:93":50,"f:287:51:287:57":13,"s:287:57:287:109":51}}}
,"/mnt/c/Users/airma/OneDrive/Desktop/resume-tailor-project/frontend/src/components/Dashboard.tsx": {"path":"/mnt/c/Users/airma/OneDrive/Desktop/resume-tailor-project/frontend/src/components/Dashboard.tsx","statementMap":{"0":{"start":{"line":17,"column":32},"end":{"line":17,"column":null}},"1":{"start":{"line":18,"column":44},"end":{"line":18,"column":null}},"2":{"start":{"line":19,"column":38},"end":{"line":19,"column":null}},"3":{"start":{"line":21,"column":31},"end":{"line":23,"column":null}},"4":{"start":{"line":22,"column":4},"end":{"line":22,"column":null}},"5":{"start":{"line":22,"column":31},"end":{"line":22,"column":85}},"6":{"start":{"line":25,"column":29},"end":{"line":28,"column":null}},"7":{"start":{"line":26,"column":4},"end":{"line":26,"column":null}},"8":{"start":{"line":27,"column":4},"end":{"line":27,"column":null}},"9":{"start":{"line":30,"column":2},"end":{"line":89,"column":null}},"10":{"start":{"line":44,"column":36},"end":{"line":44,"column":null}}},"fnMap":{"0":{"name":"Dashboard","decl":{"start":{"line":16,"column":24},"end":{"line":16,"column":34}},"loc":{"start":{"line":16,"column":60},"end":{"line":91,"column":null}},"line":16},"1":{"name":"(anonymous_1)","decl":{"start":{"line":21,"column":31},"end":{"line":21,"column":32}},"loc":{"start":{"line":21,"column":54},"end":{"line":23,"column":null}},"line":21},"2":{"name":"(anonymous_2)","decl":{"start":{"line":22,"column":23},"end":{"line":22,"column":31}},"loc":{"start":{"line":22,"column":31},"end":{"line":22,"column":85}},"line":22},"3":{"name":"(anonymous_3)","decl":{"start":{"line":25,"column":29},"end":{"line":25,"column":30}},"loc":{"start":{"line":25,"column":48},"end":{"line":28,"column":null}},"line":25},"4":{"name":"(anonymous_4)","decl":{"start":{"line":44,"column":20},"end":{"line":44,"column":21}},"loc":{"start":{"line":44,"column":36},"end":{"line":44,"column":null}},"line":44}},"branchMap":{"0":{"loc":{"start":{"line":22,"column":31},"end":{"line":22,"column":85}},"type":"cond-expr","locations":[{"start":{"line":22,"column":58},"end":{"line":22,"column":65}},{"start":{"line":22,"column":65},"end":{"line":22,"column":85}}],"line":22},"1":{"loc":{"start":{"line":51,"column":26},"end":{"line":51,"column":null}},"type":"binary-expr","locations":[{"start":{"line":51,"column":26},"end":{"line":51,"column":42}},{"start":{"line":51,"column":42},"end":{"line":51,"column":null}}],"line":51},"2":{"loc":{"start":{"line":61,"column":26},"end":{"line":61,"column":null}},"type":"binary-expr","locations":[{"start":{"line":61,"column":26},"end":{"line":61,"column":42}},{"start":{"line":61,"column":42},"end":{"line":61,"column":null}}],"line":61},"3":{"loc":{"start":{"line":73,"column":26},"end":{"line":73,"column":null}},"type":"binary-expr","locations":[{"start":{"line":73,"column":26},"end":{"line":73,"column":42}},{"start":{"line":73,"column":42},"end":{"line":73,"column":null}}],"line":73},"4":{"loc":{"start":{"line":83,"column":42},"end":{"line":83,"column":69}},"type":"binary-expr","locations":[{"start":{"line":83,"column":42},"end":{"line":83,"column":58}},{"start":{"line":83,"column":58},"end":{"line":83,"column":69}}],"line":83}},"s":{"0":25,"1":25,"2":25,"3":25,"4":6,"5":6,"6":25,"7":2,"8":2,"9":25,"10":4},"f":{"0":25,"1":6,"2":6,"3":2,"4":4},"b":{"0":[1,5],"1":[25,1],"2":[25,1],"3":[25,1],"4":[25,1]},"meta":{"lastBranch":5,"lastFunction":5,"lastStatement":11,"seen":{"f:16:24:16:34":0,"s:17:32:17:Infinity":0,"s:18:44:18:Infinity":1,"s:19:38:19:Infinity":2,"s:21:31:23:Infinity":3,"f:21:31:21:32":1,"s:22:4:22:Infinity":4,"f:22:23:22:31":2,"s:22:31:22:85":5,"b:22:58:22:65:22:65:22:85":0,"s:25:29:28:Infinity":6,"f:25:29:25:30":3,"s:26:4:26:Infinity":7,"s:27:4:27:Infinity":8,"s:30:2:89:Infinity":9,"f:44:20:44:21":4,"s:44:36:44:Infinity":10,"b:51:26:51:42:51:42:51:Infinity":1,"b:61:26:61:42:61:42:61:Infinity":2,"b:73:26:73:42:73:42:73:Infinity":3,"b:83:42:83:58:83:58:83:69":4}}}
,"/mnt/c/Users/airma/OneDrive/Desktop/resume-tailor-project/frontend/src/components/JobAnalysis.tsx": {"path":"/mnt/c/Users/airma/OneDrive/Desktop/resume-tailor-project/frontend/src/components/JobAnalysis.tsx","statementMap":{"0":{"start":{"line":23,"column":42},"end":{"line":23,"column":null}},"1":{"start":{"line":24,"column":36},"end":{"line":24,"column":null}},"2":{"start":{"line":25,"column":50},"end":{"line":25,"column":null}},"3":{"start":{"line":26,"column":44},"end":{"line":26,"column":null}},"4":{"start":{"line":27,"column":34},"end":{"line":27,"column":null}},"5":{"start":{"line":28,"column":24},"end":{"line":28,"column":null}},"6":{"start":{"line":29,"column":8},"end":{"line":29,"column":null}},"7":{"start":{"line":31,"column":33},"end":{"line":31,"column":null}},"8":{"start":{"line":32,"column":37},"end":{"line":32,"column":null}},"9":{"start":{"line":34,"column":24},"end":{"line":37,"column":null}},"10":{"start":{"line":34,"column":52},"end":{"line":37,"column":4}},"11":{"start":{"line":39,"column":23},"end":{"line":107,"column":null}},"12":{"start":{"line":40,"column":4},"end":{"line":43,"column":null}},"13":{"start":{"line":41,"column":6},"end":{"line":41,"column":null}},"14":{"start":{"line":42,"column":6},"end":{"line":42,"column":null}},"15":{"start":{"line":45,"column":4},"end":{"line":48,"column":null}},"16":{"start":{"line":46,"column":6},"end":{"line":46,"column":null}},"17":{"start":{"line":47,"column":6},"end":{"line":47,"column":null}},"18":{"start":{"line":50,"column":4},"end":{"line":53,"column":null}},"19":{"start":{"line":51,"column":6},"end":{"line":51,"column":null}},"20":{"start":{"line":52,"column":6},"end":{"line":52,"column":null}},"21":{"start":{"line":56,"column":16},"end":{"line":56,"column":null}},"22":{"start":{"line":57,"column":20},"end":{"line":57,"column":null}},"23":{"start":{"line":58,"column":4},"end":{"line":62,"column":null}},"24":{"start":{"line":59,"column":22},"end":{"line":59,"column":null}},"25":{"start":{"line":60,"column":6},"end":{"line":60,"column":null}},"26":{"start":{"line":61,"column":6},"end":{"line":61,"column":null}},"27":{"start":{"line":64,"column":4},"end":{"line":64,"column":null}},"28":{"start":{"line":65,"column":4},"end":{"line":65,"column":null}},"29":{"start":{"line":67,"column":4},"end":{"line":106,"column":null}},"30":{"start":{"line":68,"column":22},"end":{"line":68,"column":null}},"31":{"start":{"line":69,"column":26},"end":{"line":69,"column":null}},"32":{"start":{"line":71,"column":24},"end":{"line":74,"column":null}},"33":{"start":{"line":76,"column":20},"end":{"line":76,"column":null}},"34":{"start":{"line":77,"column":20},"end":{"line":85,"column":null}},"35":{"start":{"line":81,"column":47},"end":{"line":81,"column":54}},"36":{"start":{"line":87,"column":6},"end":{"line":93,"column":null}},"37":{"start":{"line":95,"column":6},"end":{"line":95,"column":null}},"38":{"start":{"line":96,"column":6},"end":{"line":96,"column":null}},"39":{"start":{"line":97,"column":6},"end":{"line":97,"column":null}},"40":{"start":{"line":98,"column":6},"end":{"line":98,"column":null}},"41":{"start":{"line":99,"column":6},"end":{"line":99,"column":null}},"42":{"start":{"line":100,"column":6},"end":{"line":100,"column":null}},"43":{"start":{"line":102,"column":6},"end":{"line":102,"column":null}},"44":{"start":{"line":103,"column":6},"end":{"line":103,"column":null}},"45":{"start":{"line":105,"column":6},"end":{"line":105,"column":null}},"46":{"start":{"line":109,"column":2},"end":{"line":186,"column":null}},"47":{"start":{"line":122,"column":59},"end":{"line":122,"column":null}},"48":{"start":{"line":133,"column":38},"end":{"line":133,"column":null}},"49":{"start":{"line":147,"column":38},"end":{"line":147,"column":null}},"50":{"start":{"line":159,"column":38},"end":{"line":159,"column":null}},"51":{"start":{"line":171,"column":38},"end":{"line":171,"column":null}}},"fnMap":{"0":{"name":"JobAnalysis","decl":{"start":{"line":22,"column":24},"end":{"line":22,"column":36}},"loc":{"start":{"line":22,"column":99},"end":{"line":188,"column":null}},"line":22},"1":{"name":"(anonymous_1)","decl":{"start":{"line":34,"column":44},"end":{"line":34,"column":52}},"loc":{"start":{"line":34,"column":52},"end":{"line":37,"column":4}},"line":34},"2":{"name":"(anonymous_2)","decl":{"start":{"line":39,"column":23},"end":{"line":39,"column":35}},"loc":{"start":{"line":39,"column":35},"end":{"line":107,"column":null}},"line":39},"3":{"name":"(anonymous_3)","decl":{"start":{"line":81,"column":42},"end":{"line":81,"column":47}},"loc":{"start":{"line":81,"column":47},"end":{"line":81,"column":54}},"line":81},"4":{"name":"(anonymous_4)","decl":{"start":{"line":122,"column":53},"end":{"line":122,"column":59}},"loc":{"start":{"line":122,"column":59},"end":{"line":122,"column":null}},"line":122},"5":{"name":"(anonymous_5)","decl":{"start":{"line":133,"column":22},"end":{"line":133,"column":23}},"loc":{"start":{"line":133,"column":38},"end":{"line":133,"column":null}},"line":133},"6":{"name":"(anonymous_6)","decl":{"start":{"line":147,"column":22},"end":{"line":147,"column":23}},"loc":{"start":{"line":147,"column":38},"end":{"line":147,"column":null}},"line":147},"7":{"name":"(anonymous_7)","decl":{"start":{"line":159,"column":22},"end":{"line":159,"column":23}},"loc":{"start":{"line":159,"column":38},"end":{"line":159,"column":null}},"line":159},"8":{"name":"(anonymous_8)","decl":{"start":{"line":171,"column":22},"end":{"line":171,"column":23}},"loc":{"start":{"line":171,"column":38},"end":{"line":171,"column":null}},"line":171}},"branchMap":{"0":{"loc":{"start":{"line":35,"column":11},"end":{"line":35,"column":null}},"type":"binary-expr","locations":[{"start":{"line":35,"column":11},"end":{"line":35,"column":35}},{"start":{"line":35,"column":35},"end":{"line":35,"column":null}}],"line":35},"1":{"loc":{"start":{"line":40,"column":4},"end":{"line":43,"column":null}},"type":"if","locations":[{"start":{"line":40,"column":4},"end":{"line":43,"column":null}},{"start":{},"end":{}}],"line":40},"2":{"loc":{"start":{"line":45,"column":4},"end":{"line":48,"column":null}},"type":"if","locations":[{"start":{"line":45,"column":4},"end":{"line":48,"column":null}},{"start":{},"end":{}}],"line":45},"3":{"loc":{"start":{"line":50,"column":4},"end":{"line":53,"column":null}},"type":"if","locations":[{"start":{"line":50,"column":4},"end":{"line":53,"column":null}},{"start":{},"end":{}}],"line":50},"4":{"loc":{"start":{"line":58,"column":4},"end":{"line":62,"column":null}},"type":"if","locations":[{"start":{"line":58,"column":4},"end":{"line":62,"column":null}},{"start":{},"end":{}}],"line":58},"5":{"loc":{"start":{"line":82,"column":21},"end":{"line":82,"column":null}},"type":"binary-expr","locations":[{"start":{"line":82,"column":21},"end":{"line":82,"column":43}},{"start":{"line":82,"column":43},"end":{"line":82,"column":null}}],"line":82},"6":{"loc":{"start":{"line":83,"column":28},"end":{"line":83,"column":null}},"type":"binary-expr","locations":[{"start":{"line":83,"column":28},"end":{"line":83,"column":57}},{"start":{"line":83,"column":57},"end":{"line":83,"column":null}}],"line":83},"7":{"loc":{"start":{"line":103,"column":15},"end":{"line":103,"column":78}},"type":"cond-expr","locations":[{"start":{"line":103,"column":38},"end":{"line":103,"column":52}},{"start":{"line":103,"column":52},"end":{"line":103,"column":78}}],"line":103},"8":{"loc":{"start":{"line":121,"column":9},"end":{"line":124,"column":null}},"type":"binary-expr","locations":[{"start":{"line":121,"column":9},"end":{"line":121,"column":null}},{"start":{"line":122,"column":10},"end":{"line":124,"column":null}}],"line":121},"9":{"loc":{"start":{"line":181,"column":20},"end":{"line":181,"column":null}},"type":"binary-expr","locations":[{"start":{"line":181,"column":20},"end":{"line":181,"column":46}},{"start":{"line":181,"column":46},"end":{"line":181,"column":78}},{"start":{"line":181,"column":78},"end":{"line":181,"column":null}}],"line":181}},"s":{"0":4,"1":4,"2":4,"3":4,"4":4,"5":4,"6":4,"7":4,"8":4,"9":4,"10":1,"11":4,"12":0,"13":0,"14":0,"15":0,"16":0,"17":0,"18":0,"19":0,"20":0,"21":0,"22":0,"23":0,"24":0,"25":0,"26":0,"27":0,"28":0,"29":0,"30":0,"31":0,"32":0,"33":0,"34":0,"35":0,"36":0,"37":0,"38":0,"39":0,"40":0,"41":0,"42":0,"43":0,"44":0,"45":0,"46":4,"47":0,"48":0,"49":0,"50":0,"51":0},"f":{"0":4,"1":1,"2":0,"3":0,"4":0,"5":0,"6":0,"7":0,"8":0},"b":{"0":[1,0],"1":[0,0],"2":[0,0],"3":[0,0],"4":[0,0],"5":[0,0],"6":[0,0],"7":[0,0],"8":[4,0],"9":[4,0,0]},"meta":{"lastBranch":10,"lastFunction":9,"lastStatement":52,"seen":{"f:22:24:22:36":0,"s:23:42:23:Infinity":0,"s:24:36:24:Infinity":1,"s:25:50:25:Infinity":2,"s:26:44:26:Infinity":3,"s:27:34:27:Infinity":4,"s:28:24:28:Infinity":5,"s:29:8:29:Infinity":6,"s:31:33:31:Infinity":7,"s:32:37:32:Infinity":8,"s:34:24:37:Infinity":9,"f:34:44:34:52":1,"s:34:52:37:4":10,"b:35:11:35:35:35:35:35:Infinity":0,"s:39:23:107:Infinity":11,"f:39:23:39:35":2,"b:40:4:43:Infinity:undefined:undefined:undefined:undefined":1,"s:40:4:43:Infinity":12,"s:41:6:41:Infinity":13,"s:42:6:42:Infinity":14,"b:45:4:48:Infinity:undefined:undefined:undefined:undefined":2,"s:45:4:48:Infinity":15,"s:46:6:46:Infinity":16,"s:47:6:47:Infinity":17,"b:50:4:53:Infinity:undefined:undefined:undefined:undefined":3,"s:50:4:53:Infinity":18,"s:51:6:51:Infinity":19,"s:52:6:52:Infinity":20,"s:56:16:56:Infinity":21,"s:57:20:57:Infinity":22,"b:58:4:62:Infinity:undefined:undefined:undefined:undefined":4,"s:58:4:62:Infinity":23,"s:59:22:59:Infinity":24,"s:60:6:60:Infinity":25,"s:61:6:61:Infinity":26,"s:64:4:64:Infinity":27,"s:65:4:65:Infinity":28,"s:67:4:106:Infinity":29,"s:68:22:68:Infinity":30,"s:69:26:69:Infinity":31,"s:71:24:74:Infinity":32,"s:76:20:76:Infinity":33,"s:77:20:85:Infinity":34,"f:81:42:81:47":3,"s:81:47:81:54":35,"b:82:21:82:43:82:43:82:Infinity":5,"b:83:28:83:57:83:57:83:Infinity":6,"s:87:6:93:Infinity":36,"s:95:6:95:Infinity":37,"s:96:6:96:Infinity":38,"s:97:6:97:Infinity":39,"s:98:6:98:Infinity":40,"s:99:6:99:Infinity":41,"s:100:6:100:Infinity":42,"s:102:6:102:Infinity":43,"s:103:6:103:Infinity":44,"b:103:38:103:52:103:52:103:78":7,"s:105:6:105:Infinity":45,"s:109:2:186:Infinity":46,"b:121:9:121:Infinity:122:10:124:Infinity":8,"f:122:53:122:59":4,"s:122:59:122:Infinity":47,"f:133:22:133:23":5,"s:133:38:133:Infinity":48,"f:147:22:147:23":6,"s:147:38:147:Infinity":49,"f:159:22:159:23":7,"s:159:38:159:Infinity":50,"f:171:22:171:23":8,"s:171:38:171:Infinity":51,"b:181:20:181:46:181:46:181:78:181:78:181:Infinity":9}}}
,"/mnt/c/Users/airma/OneDrive/Desktop/resume-tailor-project/frontend/src/components/Results.tsx": {"path":"/mnt/c/Users/airma/OneDrive/Desktop/resume-tailor-project/frontend/src/components/Results.tsx","statementMap":{"0":{"start":{"line":55,"column":28},"end":{"line":55,"column":null}},"1":{"start":{"line":56,"column":24},"end":{"line":56,"column":null}},"2":{"start":{"line":57,"column":44},"end":{"line":57,"column":null}},"3":{"start":{"line":58,"column":42},"end":{"line":58,"column":null}},"4":{"start":{"line":59,"column":36},"end":{"line":59,"column":null}},"5":{"start":{"line":60,"column":38},"end":{"line":60,"column":null}},"6":{"start":{"line":61,"column":42},"end":{"line":61,"column":null}},"7":{"start":{"line":62,"column":42},"end":{"line":62,"column":null}},"8":{"start":{"line":63,"column":32},"end":{"line":63,"column":null}},"9":{"start":{"line":64,"column":8},"end":{"line":64,"column":null}},"10":{"start":{"line":65,"column":8},"end":{"line":65,"column":null}},"11":{"start":{"line":66,"column":8},"end":{"line":66,"column":null}},"12":{"start":{"line":68,"column":28},"end":{"line":68,"column":null}},"13":{"start":{"line":71,"column":26},"end":{"line":71,"column":null}},"14":{"start":{"line":71,"column":47},"end":{"line":71,"column":null}},"15":{"start":{"line":73,"column":8},"end":{"line":84,"column":null}},"16":{"start":{"line":74,"column":4},"end":{"line":77,"column":null}},"17":{"start":{"line":75,"column":6},"end":{"line":75,"column":null}},"18":{"start":{"line":76,"column":6},"end":{"line":76,"column":null}},"19":{"start":{"line":78,"column":4},"end":{"line":78,"column":null}},"20":{"start":{"line":78,"column":32},"end":{"line":78,"column":null}},"21":{"start":{"line":79,"column":18},"end":{"line":79,"column":null}},"22":{"start":{"line":80,"column":4},"end":{"line":83,"column":null}},"23":{"start":{"line":81,"column":6},"end":{"line":81,"column":null}},"24":{"start":{"line":82,"column":6},"end":{"line":82,"column":null}},"25":{"start":{"line":86,"column":2},"end":{"line":94,"column":null}},"26":{"start":{"line":87,"column":4},"end":{"line":90,"column":null}},"27":{"start":{"line":88,"column":6},"end":{"line":88,"column":null}},"28":{"start":{"line":89,"column":6},"end":{"line":89,"column":null}},"29":{"start":{"line":91,"column":4},"end":{"line":93,"column":null}},"30":{"start":{"line":92,"column":6},"end":{"line":92,"column":null}},"31":{"start":{"line":92,"column":34},"end":{"line":92,"column":null}},"32":{"start":{"line":96,"column":22},"end":{"line":134,"column":null}},"33":{"start":{"line":97,"column":4},"end":{"line":97,"column":null}},"34":{"start":{"line":97,"column":16},"end":{"line":97,"column":null}},"35":{"start":{"line":99,"column":4},"end":{"line":99,"column":null}},"36":{"start":{"line":100,"column":4},"end":{"line":100,"column":null}},"37":{"start":{"line":102,"column":4},"end":{"line":133,"column":null}},"38":{"start":{"line":103,"column":26},"end":{"line":103,"column":null}},"39":{"start":{"line":105,"column":24},"end":{"line":108,"column":null}},"40":{"start":{"line":110,"column":27},"end":{"line":110,"column":null}},"41":{"start":{"line":112,"column":23},"end":{"line":114,"column":null}},"42":{"start":{"line":116,"column":6},"end":{"line":119,"column":null}},"43":{"start":{"line":121,"column":6},"end":{"line":126,"column":null}},"44":{"start":{"line":122,"column":8},"end":{"line":122,"column":null}},"45":{"start":{"line":123,"column":8},"end":{"line":123,"column":null}},"46":{"start":{"line":124,"column":6},"end":{"line":126,"column":null}},"47":{"start":{"line":125,"column":8},"end":{"line":125,"column":null}},"48":{"start":{"line":128,"column":6},"end":{"line":128,"column":null}},"49":{"start":{"line":129,"column":6},"end":{"line":129,"column":null}},"50":{"start":{"line":130,"column":6},"end":{"line":130,"column":null}},"51":{"start":{"line":132,"column":6},"end":{"line":132,"column":null}},"52":{"start":{"line":136,"column":2},"end":{"line":136,"column":null}},"53":{"start":{"line":138,"column":28},"end":{"line":185,"column":null}},"54":{"start":{"line":139,"column":4},"end":{"line":184,"column":null}},"55":{"start":{"line":140,"column":27},"end":{"line":143,"column":null}},"56":{"start":{"line":146,"column":24},"end":{"line":146,"column":null}},"57":{"start":{"line":148,"column":23},"end":{"line":156,"column":null}},"58":{"start":{"line":158,"column":6},"end":{"line":181,"column":null}},"59":{"start":{"line":159,"column":14},"end":{"line":159,"column":null}},"60":{"start":{"line":160,"column":8},"end":{"line":169,"column":null}},"61":{"start":{"line":171,"column":8},"end":{"line":173,"column":null}},"62":{"start":{"line":172,"column":10},"end":{"line":172,"column":null}},"63":{"start":{"line":175,"column":8},"end":{"line":177,"column":null}},"64":{"start":{"line":176,"column":10},"end":{"line":176,"column":null}},"65":{"start":{"line":178,"column":8},"end":{"line":180,"column":null}},"66":{"start":{"line":179,"column":10},"end":{"line":179,"column":null}},"67":{"start":{"line":183,"column":6},"end":{"line":183,"column":null}},"68":{"start":{"line":187,"column":23},"end":{"line":222,"column":null}},"69":{"start":{"line":188,"column":4},"end":{"line":221,"column":null}},"70":{"start":{"line":189,"column":23},"end":{"line":192,"column":null}},"71":{"start":{"line":194,"column":6},"end":{"line":205,"column":null}},"72":{"start":{"line":195,"column":31},"end":{"line":200,"column":null}},"73":{"start":{"line":201,"column":30},"end":{"line":201,"column":null}},"74":{"start":{"line":202,"column":8},"end":{"line":202,"column":null}},"75":{"start":{"line":204,"column":8},"end":{"line":204,"column":null}},"76":{"start":{"line":207,"column":6},"end":{"line":218,"column":null}},"77":{"start":{"line":208,"column":31},"end":{"line":213,"column":null}},"78":{"start":{"line":214,"column":30},"end":{"line":214,"column":null}},"79":{"start":{"line":215,"column":8},"end":{"line":215,"column":null}},"80":{"start":{"line":217,"column":8},"end":{"line":217,"column":null}},"81":{"start":{"line":220,"column":6},"end":{"line":220,"column":null}},"82":{"start":{"line":224,"column":25},"end":{"line":233,"column":null}},"83":{"start":{"line":225,"column":4},"end":{"line":225,"column":null}},"84":{"start":{"line":225,"column":25},"end":{"line":225,"column":null}},"85":{"start":{"line":226,"column":17},"end":{"line":226,"column":null}},"86":{"start":{"line":227,"column":16},"end":{"line":227,"column":null}},"87":{"start":{"line":228,"column":14},"end":{"line":228,"column":null}},"88":{"start":{"line":229,"column":4},"end":{"line":229,"column":null}},"89":{"start":{"line":230,"column":4},"end":{"line":230,"column":null}},"90":{"start":{"line":231,"column":4},"end":{"line":231,"column":null}},"91":{"start":{"line":232,"column":4},"end":{"line":232,"column":null}},"92":{"start":{"line":235,"column":28},"end":{"line":238,"column":null}},"93":{"start":{"line":236,"column":4},"end":{"line":236,"column":null}},"94":{"start":{"line":236,"column":25},"end":{"line":236,"column":null}},"95":{"start":{"line":237,"column":4},"end":{"line":237,"column":null}},"96":{"start":{"line":240,"column":30},"end":{"line":249,"column":null}},"97":{"start":{"line":241,"column":4},"end":{"line":241,"column":null}},"98":{"start":{"line":241,"column":22},"end":{"line":241,"column":null}},"99":{"start":{"line":242,"column":17},"end":{"line":242,"column":null}},"100":{"start":{"line":243,"column":16},"end":{"line":243,"column":null}},"101":{"start":{"line":244,"column":14},"end":{"line":244,"column":null}},"102":{"start":{"line":245,"column":4},"end":{"line":245,"column":null}},"103":{"start":{"line":246,"column":4},"end":{"line":246,"column":null}},"104":{"start":{"line":247,"column":4},"end":{"line":247,"column":null}},"105":{"start":{"line":248,"column":4},"end":{"line":248,"column":null}},"106":{"start":{"line":251,"column":2},"end":{"line":264,"column":null}},"107":{"start":{"line":252,"column":4},"end":{"line":262,"column":null}},"108":{"start":{"line":266,"column":2},"end":{"line":473,"column":null}},"109":{"start":{"line":284,"column":59},"end":{"line":284,"column":null}},"110":{"start":{"line":350,"column":24},"end":{"line":350,"column":null}},"111":{"start":{"line":361,"column":24},"end":{"line":361,"column":null}},"112":{"start":{"line":372,"column":22},"end":{"line":372,"column":null}},"113":{"start":{"line":382,"column":22},"end":{"line":382,"column":null}},"114":{"start":{"line":392,"column":22},"end":{"line":392,"column":null}},"115":{"start":{"line":402,"column":22},"end":{"line":402,"column":null}},"116":{"start":{"line":412,"column":22},"end":{"line":412,"column":null}}},"fnMap":{"0":{"name":"Results","decl":{"start":{"line":54,"column":24},"end":{"line":54,"column":32}},"loc":{"start":{"line":54,"column":65},"end":{"line":475,"column":null}},"line":54},"1":{"name":"(anonymous_1)","decl":{"start":{"line":71,"column":26},"end":{"line":71,"column":27}},"loc":{"start":{"line":71,"column":47},"end":{"line":71,"column":null}},"line":71},"2":{"name":"(anonymous_2)","decl":{"start":{"line":73,"column":35},"end":{"line":73,"column":41}},"loc":{"start":{"line":73,"column":41},"end":{"line":84,"column":5}},"line":73},"3":{"name":"(anonymous_3)","decl":{"start":{"line":80,"column":40},"end":{"line":80,"column":46}},"loc":{"start":{"line":80,"column":46},"end":{"line":83,"column":7}},"line":80},"4":{"name":"(anonymous_4)","decl":{"start":{"line":86,"column":12},"end":{"line":86,"column":18}},"loc":{"start":{"line":86,"column":18},"end":{"line":94,"column":5}},"line":86},"5":{"name":"(anonymous_5)","decl":{"start":{"line":91,"column":11},"end":{"line":91,"column":17}},"loc":{"start":{"line":91,"column":17},"end":{"line":93,"column":null}},"line":91},"6":{"name":"(anonymous_6)","decl":{"start":{"line":96,"column":22},"end":{"line":96,"column":34}},"loc":{"start":{"line":96,"column":34},"end":{"line":134,"column":null}},"line":96},"7":{"name":"(anonymous_7)","decl":{"start":{"line":138,"column":28},"end":{"line":138,"column":35}},"loc":{"start":{"line":138,"column":56},"end":{"line":185,"column":null}},"line":138},"8":{"name":"(anonymous_8)","decl":{"start":{"line":187,"column":23},"end":{"line":187,"column":30}},"loc":{"start":{"line":187,"column":51},"end":{"line":222,"column":null}},"line":187},"9":{"name":"(anonymous_9)","decl":{"start":{"line":224,"column":25},"end":{"line":224,"column":31}},"loc":{"start":{"line":224,"column":31},"end":{"line":233,"column":null}},"line":224},"10":{"name":"(anonymous_10)","decl":{"start":{"line":235,"column":28},"end":{"line":235,"column":34}},"loc":{"start":{"line":235,"column":34},"end":{"line":238,"column":null}},"line":235},"11":{"name":"(anonymous_11)","decl":{"start":{"line":240,"column":30},"end":{"line":240,"column":36}},"loc":{"start":{"line":240,"column":36},"end":{"line":249,"column":null}},"line":240},"12":{"name":"(anonymous_12)","decl":{"start":{"line":284,"column":53},"end":{"line":284,"column":59}},"loc":{"start":{"line":284,"column":59},"end":{"line":284,"column":null}},"line":284},"13":{"name":"(anonymous_13)","decl":{"start":{"line":349,"column":54},"end":{"line":349,"column":55}},"loc":{"start":{"line":350,"column":24},"end":{"line":350,"column":null}},"line":350},"14":{"name":"(anonymous_14)","decl":{"start":{"line":360,"column":54},"end":{"line":360,"column":55}},"loc":{"start":{"line":361,"column":24},"end":{"line":361,"column":null}},"line":361},"15":{"name":"(anonymous_15)","decl":{"start":{"line":371,"column":48},"end":{"line":371,"column":49}},"loc":{"start":{"line":372,"column":22},"end":{"line":372,"column":null}},"line":372},"16":{"name":"(anonymous_16)","decl":{"start":{"line":381,"column":49},"end":{"line":381,"column":50}},"loc":{"start":{"line":382,"column":22},"end":{"line":382,"column":null}},"line":382},"17":{"name":"(anonymous_17)","decl":{"start":{"line":391,"column":43},"end":{"line":391,"column":44}},"loc":{"start":{"line":392,"column":22},"end":{"line":392,"column":null}},"line":392},"18":{"name":"(anonymous_18)","decl":{"start":{"line":401,"column":54},"end":{"line":401,"column":55}},"loc":{"start":{"line":402,"column":22},"end":{"line":402,"column":null}},"line":402},"19":{"name":"(anonymous_19)","decl":{"start":{"line":411,"column":54},"end":{"line":411,"column":55}},"loc":{"start":{"line":412,"column":22},"end":{"line":412,"column":null}},"line":412}},"branchMap":{"0":{"loc":{"start":{"line":74,"column":4},"end":{"line":77,"column":null}},"type":"if","locations":[{"start":{"line":74,"column":4},"end":{"line":77,"column":null}},{"start":{},"end":{}}],"line":74},"1":{"loc":{"start":{"line":78,"column":4},"end":{"line":78,"column":null}},"type":"if","locations":[{"start":{"line":78,"column":4},"end":{"line":78,"column":null}},{"start":{},"end":{}}],"line":78},"2":{"loc":{"start":{"line":87,"column":4},"end":{"line":90,"column":null}},"type":"if","locations":[{"start":{"line":87,"column":4},"end":{"line":90,"column":null}},{"start":{},"end":{}}],"line":87},"3":{"loc":{"start":{"line":92,"column":6},"end":{"line":92,"column":null}},"type":"if","locations":[{"start":{"line":92,"column":6},"end":{"line":92,"column":null}},{"start":{},"end":{}}],"line":92},"4":{"loc":{"start":{"line":97,"column":4},"end":{"line":97,"column":null}},"type":"if","locations":[{"start":{"line":97,"column":4},"end":{"line":97,"column":null}},{"start":{},"end":{}}],"line":97},"5":{"loc":{"start":{"line":117,"column":16},"end":{"line":117,"column":null}},"type":"binary-expr","locations":[{"start":{"line":117,"column":16},"end":{"line":117,"column":35}},{"start":{"line":117,"column":35},"end":{"line":117,"column":null}}],"line":117},"6":{"loc":{"start":{"line":121,"column":6},"end":{"line":126,"column":null}},"type":"if","locations":[{"start":{"line":121,"column":6},"end":{"line":126,"column":null}},{"start":{"line":124,"column":6},"end":{"line":126,"column":null}}],"line":121},"7":{"loc":{"start":{"line":124,"column":6},"end":{"line":126,"column":null}},"type":"if","locations":[{"start":{"line":124,"column":6},"end":{"line":126,"column":null}},{"start":{},"end":{}}],"line":124},"8":{"loc":{"start":{"line":129,"column":15},"end":{"line":129,"column":76}},"type":"cond-expr","locations":[{"start":{"line":129,"column":38},"end":{"line":129,"column":52}},{"start":{"line":129,"column":52},"end":{"line":129,"column":76}}],"line":129},"9":{"loc":{"start":{"line":158,"column":6},"end":{"line":181,"column":null}},"type":"if","locations":[{"start":{"line":158,"column":6},"end":{"line":181,"column":null}},{"start":{},"end":{}}],"line":158},"10":{"loc":{"start":{"line":171,"column":8},"end":{"line":173,"column":null}},"type":"if","locations":[{"start":{"line":171,"column":8},"end":{"line":173,"column":null}},{"start":{},"end":{}}],"line":171},"11":{"loc":{"start":{"line":175,"column":8},"end":{"line":177,"column":null}},"type":"if","locations":[{"start":{"line":175,"column":8},"end":{"line":177,"column":null}},{"start":{},"end":{}}],"line":175},"12":{"loc":{"start":{"line":178,"column":8},"end":{"line":180,"column":null}},"type":"if","locations":[{"start":{"line":178,"column":8},"end":{"line":180,"column":null}},{"start":{},"end":{}}],"line":178},"13":{"loc":{"start":{"line":202,"column":26},"end":{"line":202,"column":47}},"type":"binary-expr","locations":[{"start":{"line":202,"column":26},"end":{"line":202,"column":43}},{"start":{"line":202,"column":43},"end":{"line":202,"column":47}}],"line":202},"14":{"loc":{"start":{"line":215,"column":23},"end":{"line":215,"column":44}},"type":"binary-expr","locations":[{"start":{"line":215,"column":23},"end":{"line":215,"column":40}},{"start":{"line":215,"column":40},"end":{"line":215,"column":44}}],"line":215},"15":{"loc":{"start":{"line":225,"column":4},"end":{"line":225,"column":null}},"type":"if","locations":[{"start":{"line":225,"column":4},"end":{"line":225,"column":null}},{"start":{},"end":{}}],"line":225},"16":{"loc":{"start":{"line":236,"column":4},"end":{"line":236,"column":null}},"type":"if","locations":[{"start":{"line":236,"column":4},"end":{"line":236,"column":null}},{"start":{},"end":{}}],"line":236},"17":{"loc":{"start":{"line":241,"column":4},"end":{"line":241,"column":null}},"type":"if","locations":[{"start":{"line":241,"column":4},"end":{"line":241,"column":null}},{"start":{},"end":{}}],"line":241},"18":{"loc":{"start":{"line":251,"column":2},"end":{"line":264,"column":null}},"type":"if","locations":[{"start":{"line":251,"column":2},"end":{"line":264,"column":null}},{"start":{},"end":{}}],"line":251},"19":{"loc":{"start":{"line":283,"column":9},"end":{"line":286,"column":null}},"type":"binary-expr","locations":[{"start":{"line":283,"column":9},"end":{"line":283,"column":null}},{"start":{"line":284,"column":10},"end":{"line":286,"column":null}}],"line":283},"20":{"loc":{"start":{"line":289,"column":9},"end":{"line":329,"column":null}},"type":"binary-expr","locations":[{"start":{"line":289,"column":9},"end":{"line":289,"column":null}},{"start":{"line":290,"column":10},"end":{"line":329,"column":null}}],"line":289},"21":{"loc":{"start":{"line":292,"column":14},"end":{"line":296,"column":null}},"type":"cond-expr","locations":[{"start":{"line":293,"column":18},"end":{"line":293,"column":null}},{"start":{"line":294,"column":18},"end":{"line":296,"column":null}}],"line":292},"22":{"loc":{"start":{"line":294,"column":18},"end":{"line":296,"column":null}},"type":"cond-expr","locations":[{"start":{"line":295,"column":18},"end":{"line":295,"column":null}},{"start":{"line":296,"column":18},"end":{"line":296,"column":null}}],"line":294},"23":{"loc":{"start":{"line":304,"column":20},"end":{"line":310,"column":null}},"type":"cond-expr","locations":[{"start":{"line":305,"column":24},"end":{"line":305,"column":null}},{"start":{"line":306,"column":24},"end":{"line":310,"column":null}}],"line":304},"24":{"loc":{"start":{"line":306,"column":24},"end":{"line":310,"column":null}},"type":"cond-expr","locations":[{"start":{"line":307,"column":24},"end":{"line":307,"column":null}},{"start":{"line":308,"column":24},"end":{"line":310,"column":null}}],"line":306},"25":{"loc":{"start":{"line":308,"column":24},"end":{"line":310,"column":null}},"type":"cond-expr","locations":[{"start":{"line":309,"column":24},"end":{"line":309,"column":null}},{"start":{"line":310,"column":24},"end":{"line":310,"column":null}}],"line":308},"26":{"loc":{"start":{"line":316,"column":15},"end":{"line":326,"column":null}},"type":"binary-expr","locations":[{"start":{"line":316,"column":15},"end":{"line":316,"column":null}},{"start":{"line":317,"column":16},"end":{"line":326,"column":null}}],"line":316},"27":{"loc":{"start":{"line":332,"column":9},"end":{"line":418,"column":null}},"type":"binary-expr","locations":[{"start":{"line":332,"column":9},"end":{"line":332,"column":null}},{"start":{"line":333,"column":10},"end":{"line":418,"column":null}}],"line":332},"28":{"loc":{"start":{"line":335,"column":15},"end":{"line":341,"column":null}},"type":"binary-expr","locations":[{"start":{"line":335,"column":15},"end":{"line":335,"column":null}},{"start":{"line":336,"column":16},"end":{"line":341,"column":null}}],"line":335},"29":{"loc":{"start":{"line":338,"column":32},"end":{"line":338,"column":null}},"type":"cond-expr","locations":[{"start":{"line":338,"column":62},"end":{"line":338,"column":72}},{"start":{"line":338,"column":72},"end":{"line":338,"column":null}}],"line":338},"30":{"loc":{"start":{"line":338,"column":72},"end":{"line":338,"column":null}},"type":"cond-expr","locations":[{"start":{"line":338,"column":102},"end":{"line":338,"column":111}},{"start":{"line":338,"column":111},"end":{"line":338,"column":null}}],"line":338},"31":{"loc":{"start":{"line":345,"column":17},"end":{"line":353,"column":null}},"type":"binary-expr","locations":[{"start":{"line":345,"column":17},"end":{"line":345,"column":47}},{"start":{"line":345,"column":47},"end":{"line":345,"column":null}},{"start":{"line":346,"column":18},"end":{"line":353,"column":null}}],"line":345},"32":{"loc":{"start":{"line":356,"column":17},"end":{"line":364,"column":null}},"type":"binary-expr","locations":[{"start":{"line":356,"column":17},"end":{"line":356,"column":47}},{"start":{"line":356,"column":47},"end":{"line":356,"column":null}},{"start":{"line":357,"column":18},"end":{"line":364,"column":null}}],"line":356},"33":{"loc":{"start":{"line":368,"column":15},"end":{"line":375,"column":null}},"type":"binary-expr","locations":[{"start":{"line":368,"column":15},"end":{"line":368,"column":41}},{"start":{"line":368,"column":41},"end":{"line":368,"column":null}},{"start":{"line":369,"column":16},"end":{"line":375,"column":null}}],"line":368},"34":{"loc":{"start":{"line":378,"column":15},"end":{"line":385,"column":null}},"type":"binary-expr","locations":[{"start":{"line":378,"column":15},"end":{"line":378,"column":42}},{"start":{"line":378,"column":42},"end":{"line":378,"column":null}},{"start":{"line":379,"column":16},"end":{"line":385,"column":null}}],"line":378},"35":{"loc":{"start":{"line":388,"column":15},"end":{"line":395,"column":null}},"type":"binary-expr","locations":[{"start":{"line":388,"column":15},"end":{"line":388,"column":36}},{"start":{"line":388,"column":36},"end":{"line":388,"column":null}},{"start":{"line":389,"column":16},"end":{"line":395,"column":null}}],"line":388},"36":{"loc":{"start":{"line":398,"column":15},"end":{"line":405,"column":null}},"type":"binary-expr","locations":[{"start":{"line":398,"column":15},"end":{"line":398,"column":47}},{"start":{"line":398,"column":47},"end":{"line":398,"column":null}},{"start":{"line":399,"column":16},"end":{"line":405,"column":null}}],"line":398},"37":{"loc":{"start":{"line":408,"column":15},"end":{"line":415,"column":null}},"type":"binary-expr","locations":[{"start":{"line":408,"column":15},"end":{"line":408,"column":47}},{"start":{"line":408,"column":47},"end":{"line":408,"column":null}},{"start":{"line":409,"column":16},"end":{"line":415,"column":null}}],"line":408},"38":{"loc":{"start":{"line":421,"column":9},"end":{"line":429,"column":null}},"type":"binary-expr","locations":[{"start":{"line":421,"column":9},"end":{"line":421,"column":27}},{"start":{"line":421,"column":27},"end":{"line":421,"column":45}},{"start":{"line":421,"column":45},"end":{"line":421,"column":63}},{"start":{"line":421,"column":63},"end":{"line":421,"column":null}},{"start":{"line":422,"column":10},"end":{"line":429,"column":null}}],"line":421},"39":{"loc":{"start":{"line":432,"column":9},"end":{"line":449,"column":null}},"type":"binary-expr","locations":[{"start":{"line":432,"column":9},"end":{"line":432,"column":null}},{"start":{"line":433,"column":10},"end":{"line":449,"column":null}}],"line":432},"40":{"loc":{"start":{"line":452,"column":9},"end":{"line":464,"column":null}},"type":"binary-expr","locations":[{"start":{"line":452,"column":9},"end":{"line":452,"column":null}},{"start":{"line":453,"column":10},"end":{"line":464,"column":null}}],"line":452},"41":{"loc":{"start":{"line":467,"column":9},"end":{"line":470,"column":null}},"type":"binary-expr","locations":[{"start":{"line":467,"column":9},"end":{"line":467,"column":28}},{"start":{"line":467,"column":28},"end":{"line":467,"column":44}},{"start":{"line":467,"column":44},"end":{"line":467,"column":null}},{"start":{"line":468,"column":10},"end":{"line":470,"column":null}}],"line":467}},"s":{"0":8,"1":8,"2":8,"3":8,"4":8,"5":8,"6":8,"7":8,"8":8,"9":8,"10":8,"11":8,"12":8,"13":8,"14":3,"15":8,"16":3,"17":0,"18":0,"19":3,"20":0,"21":3,"22":3,"23":0,"24":0,"25":8,"26":5,"27":3,"28":3,"29":5,"30":5,"31":3,"32":8,"33":3,"34":0,"35":3,"36":3,"37":3,"38":3,"39":3,"40":3,"41":3,"42":0,"43":3,"44":0,"45":0,"46":0,"47":0,"48":3,"49":3,"50":3,"51":3,"52":8,"53":8,"54":0,"55":0,"56":0,"57":0,"58":0,"59":0,"60":0,"61":0,"62":0,"63":0,"64":0,"65":0,"66":0,"67":0,"68":8,"69":0,"70":0,"71":0,"72":0,"73":0,"74":0,"75":0,"76":0,"77":0,"78":0,"79":0,"80":0,"81":0,"82":8,"83":0,"84":0,"85":0,"86":0,"87":0,"88":0,"89":0,"90":0,"91":0,"92":8,"93":0,"94":0,"95":0,"96":8,"97":0,"98":0,"99":0,"100":0,"101":0,"102":0,"103":0,"104":0,"105":0,"106":8,"107":2,"108":6,"109":0,"110":0,"111":0,"112":0,"113":0,"114":0,"115":0,"116":0},"f":{"0":8,"1":3,"2":3,"3":0,"4":5,"5":5,"6":3,"7":0,"8":0,"9":0,"10":0,"11":0,"12":0,"13":0,"14":0,"15":0,"16":0,"17":0,"18":0,"19":0},"b":{"0":[0,3],"1":[0,3],"2":[3,2],"3":[3,2],"4":[0,3],"5":[0,0],"6":[0,0],"7":[0,0],"8":[3,0],"9":[0,0],"10":[0,0],"11":[0,0],"12":[0,0],"13":[0,0],"14":[0,0],"15":[0,0],"16":[0,0],"17":[0,0],"18":[2,6],"19":[6,0],"20":[8,0],"21":[0,0],"22":[0,0],"23":[0,0],"24":[0,0],"25":[0,0],"26":[0,0],"27":[8,0],"28":[0,0],"29":[0,0],"30":[0,0],"31":[0,0,0],"32":[0,0,0],"33":[0,0,0],"34":[0,0,0],"35":[0,0,0],"36":[0,0,0],"37":[0,0,0],"38":[8,0,0,0,0],"39":[8,0],"40":[8,0],"41":[8,6,6,0]},"meta":{"lastBranch":42,"lastFunction":20,"lastStatement":117,"seen":{"f:54:24:54:32":0,"s:55:28:55:Infinity":0,"s:56:24:56:Infinity":1,"s:57:44:57:Infinity":2,"s:58:42:58:Infinity":3,"s:59:36:59:Infinity":4,"s:60:38:60:Infinity":5,"s:61:42:61:Infinity":6,"s:62:42:62:Infinity":7,"s:63:32:63:Infinity":8,"s:64:8:64:Infinity":9,"s:65:8:65:Infinity":10,"s:66:8:66:Infinity":11,"s:68:28:68:Infinity":12,"s:71:26:71:Infinity":13,"f:71:26:71:27":1,"s:71:47:71:Infinity":14,"s:73:8:84:Infinity":15,"f:73:35:73:41":2,"b:74:4:77:Infinity:undefined:undefined:undefined:undefined":0,"s:74:4:77:Infinity":16,"s:75:6:75:Infinity":17,"s:76:6:76:Infinity":18,"b:78:4:78:Infinity:undefined:undefined:undefined:undefined":1,"s:78:4:78:Infinity":19,"s:78:32:78:Infinity":20,"s:79:18:79:Infinity":21,"s:80:4:83:Infinity":22,"f:80:40:80:46":3,"s:81:6:81:Infinity":23,"s:82:6:82:Infinity":24,"s:86:2:94:Infinity":25,"f:86:12:86:18":4,"b:87:4:90:Infinity:undefined:undefined:undefined:undefined":2,"s:87:4:90:Infinity":26,"s:88:6:88:Infinity":27,"s:89:6:89:Infinity":28,"s:91:4:93:Infinity":29,"f:91:11:91:17":5,"b:92:6:92:Infinity:undefined:undefined:undefined:undefined":3,"s:92:6:92:Infinity":30,"s:92:34:92:Infinity":31,"s:96:22:134:Infinity":32,"f:96:22:96:34":6,"b:97:4:97:Infinity:undefined:undefined:undefined:undefined":4,"s:97:4:97:Infinity":33,"s:97:16:97:Infinity":34,"s:99:4:99:Infinity":35,"s:100:4:100:Infinity":36,"s:102:4:133:Infinity":37,"s:103:26:103:Infinity":38,"s:105:24:108:Infinity":39,"s:110:27:110:Infinity":40,"s:112:23:114:Infinity":41,"s:116:6:119:Infinity":42,"b:117:16:117:35:117:35:117:Infinity":5,"b:121:6:126:Infinity:124:6:126:Infinity":6,"s:121:6:126:Infinity":43,"s:122:8:122:Infinity":44,"s:123:8:123:Infinity":45,"b:124:6:126:Infinity:undefined:undefined:undefined:undefined":7,"s:124:6:126:Infinity":46,"s:125:8:125:Infinity":47,"s:128:6:128:Infinity":48,"s:129:6:129:Infinity":49,"b:129:38:129:52:129:52:129:76":8,"s:130:6:130:Infinity":50,"s:132:6:132:Infinity":51,"s:136:2:136:Infinity":52,"s:138:28:185:Infinity":53,"f:138:28:138:35":7,"s:139:4:184:Infinity":54,"s:140:27:143:Infinity":55,"s:146:24:146:Infinity":56,"s:148:23:156:Infinity":57,"b:158:6:181:Infinity:undefined:undefined:undefined:undefined":9,"s:158:6:181:Infinity":58,"s:159:14:159:Infinity":59,"s:160:8:169:Infinity":60,"b:171:8:173:Infinity:undefined:undefined:undefined:undefined":10,"s:171:8:173:Infinity":61,"s:172:10:172:Infinity":62,"b:175:8:177:Infinity:undefined:undefined:undefined:undefined":11,"s:175:8:177:Infinity":63,"s:176:10:176:Infinity":64,"b:178:8:180:Infinity:undefined:undefined:undefined:undefined":12,"s:178:8:180:Infinity":65,"s:179:10:179:Infinity":66,"s:183:6:183:Infinity":67,"s:187:23:222:Infinity":68,"f:187:23:187:30":8,"s:188:4:221:Infinity":69,"s:189:23:192:Infinity":70,"s:194:6:205:Infinity":71,"s:195:31:200:Infinity":72,"s:201:30:201:Infinity":73,"s:202:8:202:Infinity":74,"b:202:26:202:43:202:43:202:47":13,"s:204:8:204:Infinity":75,"s:207:6:218:Infinity":76,"s:208:31:213:Infinity":77,"s:214:30:214:Infinity":78,"s:215:8:215:Infinity":79,"b:215:23:215:40:215:40:215:44":14,"s:217:8:217:Infinity":80,"s:220:6:220:Infinity":81,"s:224:25:233:Infinity":82,"f:224:25:224:31":9,"b:225:4:225:Infinity:undefined:undefined:undefined:undefined":15,"s:225:4:225:Infinity":83,"s:225:25:225:Infinity":84,"s:226:17:226:Infinity":85,"s:227:16:227:Infinity":86,"s:228:14:228:Infinity":87,"s:229:4:229:Infinity":88,"s:230:4:230:Infinity":89,"s:231:4:231:Infinity":90,"s:232:4:232:Infinity":91,"s:235:28:238:Infinity":92,"f:235:28:235:34":10,"b:236:4:236:Infinity:undefined:undefined:undefined:undefined":16,"s:236:4:236:Infinity":93,"s:236:25:236:Infinity":94,"s:237:4:237:Infinity":95,"s:240:30:249:Infinity":96,"f:240:30:240:36":11,"b:241:4:241:Infinity:undefined:undefined:undefined:undefined":17,"s:241:4:241:Infinity":97,"s:241:22:241:Infinity":98,"s:242:17:242:Infinity":99,"s:243:16:243:Infinity":100,"s:244:14:244:Infinity":101,"s:245:4:245:Infinity":102,"s:246:4:246:Infinity":103,"s:247:4:247:Infinity":104,"s:248:4:248:Infinity":105,"b:251:2:264:Infinity:undefined:undefined:undefined:undefined":18,"s:251:2:264:Infinity":106,"s:252:4:262:Infinity":107,"s:266:2:473:Infinity":108,"b:283:9:283:Infinity:284:10:286:Infinity":19,"f:284:53:284:59":12,"s:284:59:284:Infinity":109,"b:289:9:289:Infinity:290:10:329:Infinity":20,"b:293:18:293:Infinity:294:18:296:Infinity":21,"b:295:18:295:Infinity:296:18:296:Infinity":22,"b:305:24:305:Infinity:306:24:310:Infinity":23,"b:307:24:307:Infinity:308:24:310:Infinity":24,"b:309:24:309:Infinity:310:24:310:Infinity":25,"b:316:15:316:Infinity:317:16:326:Infinity":26,"b:332:9:332:Infinity:333:10:418:Infinity":27,"b:335:15:335:Infinity:336:16:341:Infinity":28,"b:338:62:338:72:338:72:338:Infinity":29,"b:338:102:338:111:338:111:338:Infinity":30,"b:345:17:345:47:345:47:345:Infinity:346:18:353:Infinity":31,"f:349:54:349:55":13,"s:350:24:350:Infinity":110,"b:356:17:356:47:356:47:356:Infinity:357:18:364:Infinity":32,"f:360:54:360:55":14,"s:361:24:361:Infinity":111,"b:368:15:368:41:368:41:368:Infinity:369:16:375:Infinity":33,"f:371:48:371:49":15,"s:372:22:372:Infinity":112,"b:378:15:378:42:378:42:378:Infinity:379:16:385:Infinity":34,"f:381:49:381:50":16,"s:382:22:382:Infinity":113,"b:388:15:388:36:388:36:388:Infinity:389:16:395:Infinity":35,"f:391:43:391:44":17,"s:392:22:392:Infinity":114,"b:398:15:398:47:398:47:398:Infinity:399:16:405:Infinity":36,"f:401:54:401:55":18,"s:402:22:402:Infinity":115,"b:408:15:408:47:408:47:408:Infinity:409:16:415:Infinity":37,"f:411:54:411:55":19,"s:412:22:412:Infinity":116,"b:421:9:421:27:421:27:421:45:421:45:421:63:421:63:421:Infinity:422:10:429:Infinity":38,"b:432:9:432:Infinity:433:10:449:Infinity":39,"b:452:9:452:Infinity:453:10:464:Infinity":40,"b:467:9:467:28:467:28:467:44:467:44:467:Infinity:468:10:470:Infinity":41}}}
,"/mnt/c/Users/airma/OneDrive/Desktop/resume-tailor-project/frontend/src/components/ResumeManagement.tsx": {"path":"/mnt/c/Users/airma/OneDrive/Desktop/resume-tailor-project/frontend/src/components/ResumeManagement.tsx","statementMap":{"0":{"start":{"line":27,"column":28},"end":{"line":27,"column":null}},"1":{"start":{"line":28,"column":28},"end":{"line":28,"column":null}},"2":{"start":{"line":29,"column":40},"end":{"line":29,"column":null}},"3":{"start":{"line":30,"column":32},"end":{"line":30,"column":null}},"4":{"start":{"line":31,"column":40},"end":{"line":31,"column":null}},"5":{"start":{"line":32,"column":24},"end":{"line":32,"column":null}},"6":{"start":{"line":33,"column":28},"end":{"line":33,"column":null}},"7":{"start":{"line":35,"column":2},"end":{"line":37,"column":null}},"8":{"start":{"line":36,"column":4},"end":{"line":36,"column":null}},"9":{"start":{"line":39,"column":22},"end":{"line":75,"column":null}},"10":{"start":{"line":40,"column":4},"end":{"line":40,"column":null}},"11":{"start":{"line":41,"column":4},"end":{"line":74,"column":null}},"12":{"start":{"line":42,"column":26},"end":{"line":42,"column":null}},"13":{"start":{"line":44,"column":23},"end":{"line":47,"column":null}},"14":{"start":{"line":49,"column":23},"end":{"line":54,"column":null}},"15":{"start":{"line":56,"column":6},"end":{"line":68,"column":null}},"16":{"start":{"line":57,"column":22},"end":{"line":65,"column":null}},"17":{"start":{"line":58,"column":25},"end":{"line":58,"column":64}},"18":{"start":{"line":59,"column":23},"end":{"line":64,"column":12}},"19":{"start":{"line":65,"column":26},"end":{"line":65,"column":77}},"20":{"start":{"line":67,"column":8},"end":{"line":67,"column":null}},"21":{"start":{"line":70,"column":6},"end":{"line":70,"column":null}},"22":{"start":{"line":71,"column":6},"end":{"line":71,"column":null}},"23":{"start":{"line":73,"column":6},"end":{"line":73,"column":null}},"24":{"start":{"line":77,"column":25},"end":{"line":109,"column":null}},"25":{"start":{"line":78,"column":4},"end":{"line":108,"column":null}},"26":{"start":{"line":79,"column":26},"end":{"line":79,"column":null}},"27":{"start":{"line":81,"column":23},"end":{"line":84,"column":null}},"28":{"start":{"line":86,"column":23},"end":{"line":91,"column":null}},"29":{"start":{"line":93,"column":22},"end":{"line":93,"column":null}},"30":{"start":{"line":94,"column":6},"end":{"line":94,"column":null}},"31":{"start":{"line":94,"column":20},"end":{"line":94,"column":null}},"32":{"start":{"line":96,"column":19},"end":{"line":96,"column":null}},"33":{"start":{"line":97,"column":18},"end":{"line":97,"column":null}},"34":{"start":{"line":98,"column":16},"end":{"line":98,"column":null}},"35":{"start":{"line":99,"column":6},"end":{"line":99,"column":null}},"36":{"start":{"line":100,"column":6},"end":{"line":100,"column":null}},"37":{"start":{"line":101,"column":6},"end":{"line":101,"column":null}},"38":{"start":{"line":102,"column":6},"end":{"line":102,"column":null}},"39":{"start":{"line":103,"column":6},"end":{"line":103,"column":null}},"40":{"start":{"line":104,"column":6},"end":{"line":104,"column":null}},"41":{"start":{"line":106,"column":6},"end":{"line":106,"column":null}},"42":{"start":{"line":107,"column":6},"end":{"line":107,"column":null}},"43":{"start":{"line":111,"column":25},"end":{"line":135,"column":null}},"44":{"start":{"line":112,"column":4},"end":{"line":134,"column":null}},"45":{"start":{"line":113,"column":26},"end":{"line":113,"column":null}},"46":{"start":{"line":115,"column":23},"end":{"line":118,"column":null}},"47":{"start":{"line":120,"column":23},"end":{"line":125,"column":null}},"48":{"start":{"line":127,"column":22},"end":{"line":127,"column":null}},"49":{"start":{"line":128,"column":6},"end":{"line":128,"column":null}},"50":{"start":{"line":128,"column":20},"end":{"line":128,"column":null}},"51":{"start":{"line":130,"column":6},"end":{"line":130,"column":null}},"52":{"start":{"line":132,"column":6},"end":{"line":132,"column":null}},"53":{"start":{"line":133,"column":6},"end":{"line":133,"column":null}},"54":{"start":{"line":137,"column":22},"end":{"line":142,"column":null}},"55":{"start":{"line":138,"column":4},"end":{"line":141,"column":null}},"56":{"start":{"line":139,"column":6},"end":{"line":139,"column":null}},"57":{"start":{"line":140,"column":6},"end":{"line":140,"column":null}},"58":{"start":{"line":140,"column":35},"end":{"line":140,"column":59}},"59":{"start":{"line":144,"column":23},"end":{"line":168,"column":null}},"60":{"start":{"line":145,"column":4},"end":{"line":145,"column":null}},"61":{"start":{"line":145,"column":42},"end":{"line":145,"column":null}},"62":{"start":{"line":147,"column":4},"end":{"line":167,"column":null}},"63":{"start":{"line":148,"column":26},"end":{"line":148,"column":null}},"64":{"start":{"line":150,"column":23},"end":{"line":153,"column":null}},"65":{"start":{"line":155,"column":6},"end":{"line":160,"column":null}},"66":{"start":{"line":162,"column":6},"end":{"line":162,"column":null}},"67":{"start":{"line":163,"column":6},"end":{"line":163,"column":null}},"68":{"start":{"line":165,"column":6},"end":{"line":165,"column":null}},"69":{"start":{"line":166,"column":6},"end":{"line":166,"column":null}},"70":{"start":{"line":170,"column":20},"end":{"line":199,"column":null}},"71":{"start":{"line":171,"column":4},"end":{"line":171,"column":null}},"72":{"start":{"line":171,"column":72},"end":{"line":171,"column":null}},"73":{"start":{"line":173,"column":4},"end":{"line":198,"column":null}},"74":{"start":{"line":174,"column":26},"end":{"line":174,"column":null}},"75":{"start":{"line":176,"column":23},"end":{"line":179,"column":null}},"76":{"start":{"line":181,"column":6},"end":{"line":188,"column":null}},"77":{"start":{"line":182,"column":8},"end":{"line":187,"column":null}},"78":{"start":{"line":191,"column":26},"end":{"line":191,"column":null}},"79":{"start":{"line":191,"column":60},"end":{"line":191,"column":68}},"80":{"start":{"line":192,"column":6},"end":{"line":192,"column":null}},"81":{"start":{"line":192,"column":25},"end":{"line":192,"column":72}},"82":{"start":{"line":192,"column":45},"end":{"line":192,"column":71}},"83":{"start":{"line":193,"column":6},"end":{"line":193,"column":null}},"84":{"start":{"line":194,"column":6},"end":{"line":194,"column":null}},"85":{"start":{"line":196,"column":6},"end":{"line":196,"column":null}},"86":{"start":{"line":197,"column":6},"end":{"line":197,"column":null}},"87":{"start":{"line":202,"column":24},"end":{"line":239,"column":null}},"88":{"start":{"line":203,"column":4},"end":{"line":203,"column":null}},"89":{"start":{"line":203,"column":54},"end":{"line":203,"column":null}},"90":{"start":{"line":205,"column":4},"end":{"line":205,"column":null}},"91":{"start":{"line":206,"column":4},"end":{"line":238,"column":null}},"92":{"start":{"line":207,"column":26},"end":{"line":207,"column":null}},"93":{"start":{"line":209,"column":23},"end":{"line":212,"column":null}},"94":{"start":{"line":214,"column":6},"end":{"line":228,"column":null}},"95":{"start":{"line":214,"column":19},"end":{"line":214,"column":22}},"96":{"start":{"line":215,"column":21},"end":{"line":215,"column":null}},"97":{"start":{"line":216,"column":26},"end":{"line":216,"column":null}},"98":{"start":{"line":217,"column":20},"end":{"line":217,"column":null}},"99":{"start":{"line":219,"column":24},"end":{"line":219,"column":null}},"100":{"start":{"line":220,"column":8},"end":{"line":227,"column":null}},"101":{"start":{"line":230,"column":6},"end":{"line":230,"column":null}},"102":{"start":{"line":231,"column":6},"end":{"line":231,"column":null}},"103":{"start":{"line":232,"column":6},"end":{"line":232,"column":null}},"104":{"start":{"line":234,"column":6},"end":{"line":234,"column":null}},"105":{"start":{"line":235,"column":6},"end":{"line":235,"column":null}},"106":{"start":{"line":237,"column":6},"end":{"line":237,"column":null}},"107":{"start":{"line":241,"column":2},"end":{"line":364,"column":null}},"108":{"start":{"line":244,"column":57},"end":{"line":244,"column":null}},"109":{"start":{"line":249,"column":59},"end":{"line":249,"column":null}},"110":{"start":{"line":263,"column":38},"end":{"line":263,"column":null}},"111":{"start":{"line":266,"column":37},"end":{"line":266,"column":null}},"112":{"start":{"line":267,"column":33},"end":{"line":267,"column":null}},"113":{"start":{"line":268,"column":40},"end":{"line":268,"column":null}},"114":{"start":{"line":322,"column":26},"end":{"line":322,"column":null}},"115":{"start":{"line":328,"column":26},"end":{"line":328,"column":null}},"116":{"start":{"line":333,"column":26},"end":{"line":333,"column":null}},"117":{"start":{"line":340,"column":14},"end":{"line":344,"column":null}},"118":{"start":{"line":341,"column":39},"end":{"line":341,"column":61}},"119":{"start":{"line":342,"column":39},"end":{"line":342,"column":61}},"120":{"start":{"line":343,"column":39},"end":{"line":343,"column":59}},"121":{"start":{"line":352,"column":43},"end":{"line":352,"column":null}}},"fnMap":{"0":{"name":"ResumeManagement","decl":{"start":{"line":26,"column":24},"end":{"line":26,"column":41}},"loc":{"start":{"line":26,"column":76},"end":{"line":366,"column":null}},"line":26},"1":{"name":"(anonymous_1)","decl":{"start":{"line":35,"column":12},"end":{"line":35,"column":18}},"loc":{"start":{"line":35,"column":18},"end":{"line":37,"column":5}},"line":35},"2":{"name":"(anonymous_2)","decl":{"start":{"line":39,"column":22},"end":{"line":39,"column":34}},"loc":{"start":{"line":39,"column":34},"end":{"line":75,"column":null}},"line":39},"3":{"name":"(anonymous_3)","decl":{"start":{"line":58,"column":18},"end":{"line":58,"column":25}},"loc":{"start":{"line":58,"column":25},"end":{"line":58,"column":64}},"line":58},"4":{"name":"(anonymous_4)","decl":{"start":{"line":59,"column":15},"end":{"line":59,"column":23}},"loc":{"start":{"line":59,"column":23},"end":{"line":64,"column":12}},"line":59},"5":{"name":"(anonymous_5)","decl":{"start":{"line":65,"column":16},"end":{"line":65,"column":17}},"loc":{"start":{"line":65,"column":26},"end":{"line":65,"column":77}},"line":65},"6":{"name":"(anonymous_6)","decl":{"start":{"line":77,"column":25},"end":{"line":77,"column":32}},"loc":{"start":{"line":77,"column":53},"end":{"line":109,"column":null}},"line":77},"7":{"name":"(anonymous_7)","decl":{"start":{"line":111,"column":25},"end":{"line":111,"column":32}},"loc":{"start":{"line":111,"column":53},"end":{"line":135,"column":null}},"line":111},"8":{"name":"(anonymous_8)","decl":{"start":{"line":137,"column":22},"end":{"line":137,"column":34}},"loc":{"start":{"line":137,"column":34},"end":{"line":142,"column":null}},"line":137},"9":{"name":"(anonymous_9)","decl":{"start":{"line":140,"column":24},"end":{"line":140,"column":35}},"loc":{"start":{"line":140,"column":35},"end":{"line":140,"column":59}},"line":140},"10":{"name":"(anonymous_10)","decl":{"start":{"line":144,"column":23},"end":{"line":144,"column":30}},"loc":{"start":{"line":144,"column":51},"end":{"line":168,"column":null}},"line":144},"11":{"name":"(anonymous_11)","decl":{"start":{"line":170,"column":20},"end":{"line":170,"column":32}},"loc":{"start":{"line":170,"column":32},"end":{"line":199,"column":null}},"line":170},"12":{"name":"(anonymous_12)","decl":{"start":{"line":191,"column":52},"end":{"line":191,"column":60}},"loc":{"start":{"line":191,"column":60},"end":{"line":191,"column":68}},"line":191},"13":{"name":"(anonymous_13)","decl":{"start":{"line":192,"column":17},"end":{"line":192,"column":25}},"loc":{"start":{"line":192,"column":25},"end":{"line":192,"column":72}},"line":192},"14":{"name":"(anonymous_14)","decl":{"start":{"line":192,"column":37},"end":{"line":192,"column":45}},"loc":{"start":{"line":192,"column":45},"end":{"line":192,"column":71}},"line":192},"15":{"name":"(anonymous_15)","decl":{"start":{"line":202,"column":24},"end":{"line":202,"column":36}},"loc":{"start":{"line":202,"column":36},"end":{"line":239,"column":null}},"line":202},"16":{"name":"(anonymous_16)","decl":{"start":{"line":244,"column":51},"end":{"line":244,"column":57}},"loc":{"start":{"line":244,"column":57},"end":{"line":244,"column":null}},"line":244},"17":{"name":"(anonymous_17)","decl":{"start":{"line":249,"column":53},"end":{"line":249,"column":59}},"loc":{"start":{"line":249,"column":59},"end":{"line":249,"column":null}},"line":249},"18":{"name":"(anonymous_18)","decl":{"start":{"line":263,"column":22},"end":{"line":263,"column":23}},"loc":{"start":{"line":263,"column":38},"end":{"line":263,"column":null}},"line":263},"19":{"name":"(anonymous_19)","decl":{"start":{"line":266,"column":32},"end":{"line":266,"column":37}},"loc":{"start":{"line":266,"column":37},"end":{"line":266,"column":null}},"line":266},"20":{"name":"(anonymous_20)","decl":{"start":{"line":267,"column":28},"end":{"line":267,"column":33}},"loc":{"start":{"line":267,"column":33},"end":{"line":267,"column":null}},"line":267},"21":{"name":"(anonymous_21)","decl":{"start":{"line":268,"column":35},"end":{"line":268,"column":40}},"loc":{"start":{"line":268,"column":40},"end":{"line":268,"column":null}},"line":268},"22":{"name":"(anonymous_22)","decl":{"start":{"line":322,"column":18},"end":{"line":322,"column":26}},"loc":{"start":{"line":322,"column":26},"end":{"line":322,"column":null}},"line":322},"23":{"name":"(anonymous_23)","decl":{"start":{"line":328,"column":18},"end":{"line":328,"column":26}},"loc":{"start":{"line":328,"column":26},"end":{"line":328,"column":null}},"line":328},"24":{"name":"(anonymous_24)","decl":{"start":{"line":333,"column":18},"end":{"line":333,"column":26}},"loc":{"start":{"line":333,"column":26},"end":{"line":333,"column":null}},"line":333},"25":{"name":"(anonymous_25)","decl":{"start":{"line":339,"column":18},"end":{"line":339,"column":null}},"loc":{"start":{"line":340,"column":14},"end":{"line":344,"column":null}},"line":340},"26":{"name":"(anonymous_26)","decl":{"start":{"line":341,"column":33},"end":{"line":341,"column":39}},"loc":{"start":{"line":341,"column":39},"end":{"line":341,"column":61}},"line":341},"27":{"name":"(anonymous_27)","decl":{"start":{"line":342,"column":33},"end":{"line":342,"column":39}},"loc":{"start":{"line":342,"column":39},"end":{"line":342,"column":61}},"line":342},"28":{"name":"(anonymous_28)","decl":{"start":{"line":343,"column":33},"end":{"line":343,"column":39}},"loc":{"start":{"line":343,"column":39},"end":{"line":343,"column":59}},"line":343},"29":{"name":"(anonymous_29)","decl":{"start":{"line":352,"column":27},"end":{"line":352,"column":28}},"loc":{"start":{"line":352,"column":43},"end":{"line":352,"column":null}},"line":352}},"branchMap":{"0":{"loc":{"start":{"line":56,"column":6},"end":{"line":68,"column":null}},"type":"if","locations":[{"start":{"line":56,"column":6},"end":{"line":68,"column":null}},{"start":{},"end":{}}],"line":56},"1":{"loc":{"start":{"line":58,"column":25},"end":{"line":58,"column":64}},"type":"binary-expr","locations":[{"start":{"line":58,"column":25},"end":{"line":58,"column":36}},{"start":{"line":58,"column":36},"end":{"line":58,"column":48}},{"start":{"line":58,"column":48},"end":{"line":58,"column":64}}],"line":58},"2":{"loc":{"start":{"line":61,"column":18},"end":{"line":61,"column":null}},"type":"binary-expr","locations":[{"start":{"line":61,"column":18},"end":{"line":61,"column":47}},{"start":{"line":61,"column":47},"end":{"line":61,"column":null}}],"line":61},"3":{"loc":{"start":{"line":94,"column":6},"end":{"line":94,"column":null}},"type":"if","locations":[{"start":{"line":94,"column":6},"end":{"line":94,"column":null}},{"start":{},"end":{}}],"line":94},"4":{"loc":{"start":{"line":128,"column":6},"end":{"line":128,"column":null}},"type":"if","locations":[{"start":{"line":128,"column":6},"end":{"line":128,"column":null}},{"start":{},"end":{}}],"line":128},"5":{"loc":{"start":{"line":145,"column":4},"end":{"line":145,"column":null}},"type":"if","locations":[{"start":{"line":145,"column":4},"end":{"line":145,"column":null}},{"start":{},"end":{}}],"line":145},"6":{"loc":{"start":{"line":171,"column":4},"end":{"line":171,"column":null}},"type":"if","locations":[{"start":{"line":171,"column":4},"end":{"line":171,"column":null}},{"start":{},"end":{}}],"line":171},"7":{"loc":{"start":{"line":203,"column":4},"end":{"line":203,"column":null}},"type":"if","locations":[{"start":{"line":203,"column":4},"end":{"line":203,"column":null}},{"start":{},"end":{}}],"line":203},"8":{"loc":{"start":{"line":203,"column":8},"end":{"line":203,"column":54}},"type":"binary-expr","locations":[{"start":{"line":203,"column":8},"end":{"line":203,"column":26}},{"start":{"line":203,"column":26},"end":{"line":203,"column":54}}],"line":203},"9":{"loc":{"start":{"line":243,"column":7},"end":{"line":246,"column":null}},"type":"binary-expr","locations":[{"start":{"line":243,"column":7},"end":{"line":243,"column":null}},{"start":{"line":244,"column":8},"end":{"line":246,"column":null}}],"line":243},"10":{"loc":{"start":{"line":248,"column":7},"end":{"line":251,"column":null}},"type":"binary-expr","locations":[{"start":{"line":248,"column":7},"end":{"line":248,"column":null}},{"start":{"line":249,"column":8},"end":{"line":251,"column":null}}],"line":248},"11":{"loc":{"start":{"line":264,"column":19},"end":{"line":264,"column":null}},"type":"cond-expr","locations":[{"start":{"line":264,"column":35},"end":{"line":264,"column":63}},{"start":{"line":264,"column":63},"end":{"line":264,"column":null}}],"line":264},"12":{"loc":{"start":{"line":266,"column":37},"end":{"line":266,"column":null}},"type":"cond-expr","locations":[{"start":{"line":266,"column":41},"end":{"line":266,"column":58}},{"start":{"line":266,"column":58},"end":{"line":266,"column":null}}],"line":266},"13":{"loc":{"start":{"line":267,"column":33},"end":{"line":267,"column":null}},"type":"cond-expr","locations":[{"start":{"line":267,"column":37},"end":{"line":267,"column":62}},{"start":{"line":267,"column":62},"end":{"line":267,"column":null}}],"line":267},"14":{"loc":{"start":{"line":278,"column":22},"end":{"line":278,"column":null}},"type":"binary-expr","locations":[{"start":{"line":278,"column":22},"end":{"line":278,"column":40}},{"start":{"line":278,"column":40},"end":{"line":278,"column":null}}],"line":278}},"s":{"0":7,"1":7,"2":7,"3":7,"4":7,"5":7,"6":7,"7":7,"8":3,"9":7,"10":3,"11":3,"12":3,"13":3,"14":3,"15":0,"16":0,"17":0,"18":0,"19":0,"20":0,"21":3,"22":3,"23":3,"24":7,"25":0,"26":0,"27":0,"28":0,"29":0,"30":0,"31":0,"32":0,"33":0,"34":0,"35":0,"36":0,"37":0,"38":0,"39":0,"40":0,"41":0,"42":0,"43":7,"44":0,"45":0,"46":0,"47":0,"48":0,"49":0,"50":0,"51":0,"52":0,"53":0,"54":7,"55":0,"56":0,"57":0,"58":0,"59":7,"60":0,"61":0,"62":0,"63":0,"64":0,"65":0,"66":0,"67":0,"68":0,"69":0,"70":7,"71":0,"72":0,"73":0,"74":0,"75":0,"76":0,"77":0,"78":0,"79":0,"80":0,"81":0,"82":0,"83":0,"84":0,"85":0,"86":0,"87":7,"88":0,"89":0,"90":0,"91":0,"92":0,"93":0,"94":0,"95":0,"96":0,"97":0,"98":0,"99":0,"100":0,"101":0,"102":0,"103":0,"104":0,"105":0,"106":0,"107":7,"108":0,"109":0,"110":0,"111":7,"112":0,"113":0,"114":0,"115":0,"116":0,"117":0,"118":0,"119":0,"120":0,"121":0},"f":{"0":7,"1":3,"2":3,"3":0,"4":0,"5":0,"6":0,"7":0,"8":0,"9":0,"10":0,"11":0,"12":0,"13":0,"14":0,"15":0,"16":0,"17":0,"18":0,"19":7,"20":0,"21":0,"22":0,"23":0,"24":0,"25":0,"26":0,"27":0,"28":0,"29":
[...]
,"/mnt/c/Users/airma/OneDrive/Desktop/resume-tailor-project/frontend/src/config/amplify.ts": {"path":"/mnt/c/Users/airma/OneDrive/Desktop/resume-tailor-project/frontend/src/config/amplify.ts","statementMap":{"0":{"start":{"line":3,"column":29},"end":{"line":28,"column":null}},"1":{"start":{"line":31,"column":25},"end":{"line":37,"column":null}}},"fnMap":{},"branchMap":{"0":{"loc":{"start":{"line":6,"column":18},"end":{"line":6,"column":null}},"type":"binary-expr","locations":[{"start":{"line":6,"column":18},"end":{"line":6,"column":55}},{"start":{"line":6,"column":55},"end":{"line":6,"column":null}}],"line":6},"1":{"loc":{"start":{"line":7,"column":24},"end":{"line":7,"column":null}},"type":"binary-expr","locations":[{"start":{"line":7,"column":24},"end":{"line":7,"column":68}},{"start":{"line":7,"column":68},"end":{"line":7,"column":null}}],"line":7},"2":{"loc":{"start":{"line":8,"column":22},"end":{"line":8,"column":null}},"type":"binary-expr","locations":[{"start":{"line":8,"column":22},"end":{"line":8,"column":63}},{"start":{"line":8,"column":63},"end":{"line":8,"column":null}}],"line":8},"3":{"loc":{"start":{"line":32,"column":10},"end":{"line":32,"column":null}},"type":"binary-expr","locations":[{"start":{"line":32,"column":10},"end":{"line":32,"column":45}},{"start":{"line":32,"column":45},"end":{"line":32,"column":null}}],"line":32},"4":{"loc":{"start":{"line":33,"column":14},"end":{"line":33,"column":null}},"type":"binary-expr","locations":[{"start":{"line":33,"column":14},"end":{"line":33,"column":50}},{"start":{"line":33,"column":50},"end":{"line":33,"column":null}}],"line":33},"5":{"loc":{"start":{"line":34,"column":19},"end":{"line":34,"column":null}},"type":"binary-expr","locations":[{"start":{"line":34,"column":19},"end":{"line":34,"column":61}},{"start":{"line":34,"column":61},"end":{"line":34,"column":null}}],"line":34},"6":{"loc":{"start":{"line":35,"column":13},"end":{"line":35,"column":null}},"type":"binary-expr","locations":[{"start":{"line":35,"column":13},"end":{"line":35,"column":48}},{"start":{"line":35,"column":48},"end":{"line":35,"column":null}}],"line":35},"7":{"loc":{"start":{"line":36,"column":28},"end":{"line":36,"column":null}},"type":"binary-expr","locations":[{"start":{"line":36,"column":28},"end":{"line":36,"column":75}},{"start":{"line":36,"column":75},"end":{"line":36,"column":null}}],"line":36}},"s":{"0":3,"1":3},"f":{},"b":{"0":[3,0],"1":[3,0],"2":[3,0],"3":[3,0],"4":[3,0],"5":[3,0],"6":[3,3],"7":[3,0]},"meta":{"lastBranch":8,"lastFunction":0,"lastStatement":2,"seen":{"s:3:29:28:Infinity":0,"b:6:18:6:55:6:55:6:Infinity":0,"b:7:24:7:68:7:68:7:Infinity":1,"b:8:22:8:63:8:63:8:Infinity":2,"s:31:25:37:Infinity":1,"b:32:10:32:45:32:45:32:Infinity":3,"b:33:14:33:50:33:50:33:Infinity":4,"b:34:19:34:61:34:61:34:Infinity":5,"b:35:13:35:48:35:48:35:Infinity":6,"b:36:28:36:75:36:75:36:Infinity":7}}}
,"/mnt/c/Users/airma/OneDrive/Desktop/resume-tailor-project/frontend/src/utils/auth.ts": {"path":"/mnt/c/Users/airma/OneDrive/Desktop/resume-tailor-project/frontend/src/utils/auth.ts","statementMap":{"0":{"start":{"line":9,"column":16},"end":{"line":9,"column":null}},"1":{"start":{"line":10,"column":20},"end":{"line":10,"column":null}},"2":{"start":{"line":12,"column":2},"end":{"line":16,"column":null}},"3":{"start":{"line":14,"column":4},"end":{"line":14,"column":null}},"4":{"start":{"line":15,"column":4},"end":{"line":15,"column":null}},"5":{"start":{"line":18,"column":2},"end":{"line":20,"column":null}},"6":{"start":{"line":19,"column":4},"end":{"line":19,"column":null}},"7":{"start":{"line":22,"column":2},"end":{"line":22,"column":null}}},"fnMap":{"0":{"name":"getCredentials","decl":{"start":{"line":8,"column":22},"end":{"line":8,"column":64}},"loc":{"start":{"line":8,"column":64},"end":{"line":23,"column":null}},"line":8}},"branchMap":{"0":{"loc":{"start":{"line":12,"column":2},"end":{"line":16,"column":null}},"type":"if","locations":[{"start":{"line":12,"column":2},"end":{"line":16,"column":null}},{"start":{},"end":{}}],"line":12},"1":{"loc":{"start":{"line":18,"column":2},"end":{"line":20,"column":null}},"type":"if","locations":[{"start":{"line":18,"column":2},"end":{"line":20,"column":null}},{"start":{},"end":{}}],"line":18}},"s":{"0":10,"1":9,"2":9,"3":6,"4":6,"5":9,"6":3,"7":6},"f":{"0":10},"b":{"0":[6,3],"1":[3,6]},"meta":{"lastBranch":2,"lastFunction":1,"lastStatement":8,"seen":{"f:8:22:8:64":0,"s:9:16:9:Infinity":0,"s:10:20:10:Infinity":1,"b:12:2:16:Infinity:undefined:undefined:undefined:undefined":0,"s:12:2:16:Infinity":2,"s:14:4:14:Infinity":3,"s:15:4:15:Infinity":4,"b:18:2:20:Infinity:undefined:undefined:undefined:undefined":1,"s:18:2:20:Infinity":5,"s:19:4:19:Infinity":6,"s:22:2:22:Infinity":7}}}
,"/mnt/c/Users/airma/OneDrive/Desktop/resume-tailor-project/frontend/src/utils/markdownToHtml.ts": {"path":"/mnt/c/Users/airma/OneDrive/Desktop/resume-tailor-project/frontend/src/utils/markdownToHtml.ts","statementMap":{"0":{"start":{"line":6,"column":16},"end":{"line":6,"column":null}},"1":{"start":{"line":7,"column":13},"end":{"line":7,"column":null}},"2":{"start":{"line":8,"column":16},"end":{"line":8,"column":null}},"3":{"start":{"line":9,"column":28},"end":{"line":9,"column":null}},"4":{"start":{"line":11,"column":23},"end":{"line":14,"column":null}},"5":{"start":{"line":12,"column":4},"end":{"line":14,"column":null}},"6":{"start":{"line":16,"column":2},"end":{"line":64,"column":null}},"7":{"start":{"line":16,"column":15},"end":{"line":16,"column":18}},"8":{"start":{"line":17,"column":17},"end":{"line":17,"column":null}},"9":{"start":{"line":20,"column":4},"end":{"line":46,"column":null}},"10":{"start":{"line":21,"column":6},"end":{"line":24,"column":null}},"11":{"start":{"line":22,"column":8},"end":{"line":22,"column":null}},"12":{"start":{"line":23,"column":8},"end":{"line":23,"column":null}},"13":{"start":{"line":26,"column":6},"end":{"line":26,"column":null}},"14":{"start":{"line":26,"column":39},"end":{"line":26,"column":null}},"15":{"start":{"line":27,"column":6},"end":{"line":27,"column":null}},"16":{"start":{"line":28,"column":6},"end":{"line":28,"column":null}},"17":{"start":{"line":29,"column":4},"end":{"line":46,"column":null}},"18":{"start":{"line":31,"column":6},"end":{"line":31,"column":null}},"19":{"start":{"line":32,"column":6},"end":{"line":42,"column":null}},"20":{"start":{"line":33,"column":22},"end":{"line":36,"column":null}},"21":{"start":{"line":35,"column":23},"end":{"line":35,"column":31}},"22":{"start":{"line":36,"column":20},"end":{"line":36,"column":28}},"23":{"start":{"line":37,"column":20},"end":{"line":37,"column":null}},"24":{"start":{"line":38,"column":8},"end":{"line":41,"column":null}},"25":{"start":{"line":40,"column":25},"end":{"line":40,"column":62}},"26":{"start":{"line":43,"column":6},"end":{"line":43,"column":null}},"27":{"start":{"line":44,"column":6},"end":{"line":44,"column":null}},"28":{"start":{"line":45,"column":6},"end":{"line":45,"column":null}},"29":{"start":{"line":49,"column":4},"end":{"line":63,"column":null}},"30":{"start":{"line":50,"column":6},"end":{"line":50,"column":null}},"31":{"start":{"line":51,"column":4},"end":{"line":63,"column":null}},"32":{"start":{"line":52,"column":6},"end":{"line":52,"column":null}},"33":{"start":{"line":53,"column":4},"end":{"line":63,"column":null}},"34":{"start":{"line":54,"column":6},"end":{"line":54,"column":null}},"35":{"start":{"line":55,"column":4},"end":{"line":63,"column":null}},"36":{"start":{"line":56,"column":6},"end":{"line":56,"column":null}},"37":{"start":{"line":57,"column":4},"end":{"line":63,"column":null}},"38":{"start":{"line":58,"column":6},"end":{"line":58,"column":null}},"39":{"start":{"line":59,"column":4},"end":{"line":63,"column":null}},"40":{"start":{"line":60,"column":6},"end":{"line":60,"column":null}},"41":{"start":{"line":61,"column":4},"end":{"line":63,"column":null}},"42":{"start":{"line":62,"column":6},"end":{"line":62,"column":null}},"43":{"start":{"line":67,"column":2},"end":{"line":81,"column":null}},"44":{"start":{"line":68,"column":4},"end":{"line":68,"column":null}},"45":{"start":{"line":69,"column":4},"end":{"line":79,"column":null}},"46":{"start":{"line":70,"column":20},"end":{"line":73,"column":null}},"47":{"start":{"line":72,"column":21},"end":{"line":72,"column":29}},"48":{"start":{"line":73,"column":18},"end":{"line":73,"column":26}},"49":{"start":{"line":74,"column":18},"end":{"line":74,"column":null}},"50":{"start":{"line":75,"column":6},"end":{"line":78,"column":null}},"51":{"start":{"line":77,"column":23},"end":{"line":77,"column":60}},"52":{"start":{"line":80,"column":4},"end":{"line":80,"column":null}},"53":{"start":{"line":83,"column":2},"end":{"line":83,"column":null}},"54":{"start":{"line":90,"column":2},"end":{"line":168,"column":null}},"55":{"start":{"line":177,"column":19},"end":{"line":177,"column":null}},"56":{"start":{"line":178,"column":19},"end":{"line":178,"column":null}},"57":{"start":{"line":179,"column":15},"end":{"line":179,"column":null}},"58":{"start":{"line":180,"column":14},"end":{"line":180,"column":null}},"59":{"start":{"line":181,"column":22},"end":{"line":181,"column":null}},"60":{"start":{"line":182,"column":2},"end":{"line":186,"column":null}},"61":{"start":{"line":183,"column":4},"end":{"line":185,"column":null}},"62":{"start":{"line":184,"column":6},"end":{"line":184,"column":null}},"63":{"start":{"line":187,"column":2},"end":{"line":187,"column":null}},"64":{"start":{"line":187,"column":19},"end":{"line":187,"column":45}}},"fnMap":{"0":{"name":"convertMarkdownToHTML","decl":{"start":{"line":5,"column":16},"end":{"line":5,"column":38}},"loc":{"start":{"line":5,"column":58},"end":{"line":84,"column":null}},"line":5},"1":{"name":"(anonymous_1)","decl":{"start":{"line":11,"column":23},"end":{"line":11,"column":24}},"loc":{"start":{"line":12,"column":4},"end":{"line":14,"column":null}},"line":12},"2":{"name":"(anonymous_2)","decl":{"start":{"line":32,"column":24},"end":{"line":32,"column":25}},"loc":{"start":{"line":32,"column":38},"end":{"line":42,"column":7}},"line":32},"3":{"name":"(anonymous_3)","decl":{"start":{"line":35,"column":18},"end":{"line":35,"column":23}},"loc":{"start":{"line":35,"column":23},"end":{"line":35,"column":31}},"line":35},"4":{"name":"(anonymous_4)","decl":{"start":{"line":36,"column":15},"end":{"line":36,"column":20}},"loc":{"start":{"line":36,"column":20},"end":{"line":36,"column":28}},"line":36},"5":{"name":"(anonymous_5)","decl":{"start":{"line":40,"column":20},"end":{"line":40,"column":25}},"loc":{"start":{"line":40,"column":25},"end":{"line":40,"column":62}},"line":40},"6":{"name":"(anonymous_6)","decl":{"start":{"line":69,"column":22},"end":{"line":69,"column":23}},"loc":{"start":{"line":69,"column":36},"end":{"line":79,"column":5}},"line":69},"7":{"name":"(anonymous_7)","decl":{"start":{"line":72,"column":16},"end":{"line":72,"column":21}},"loc":{"start":{"line":72,"column":21},"end":{"line":72,"column":29}},"line":72},"8":{"name":"(anonymous_8)","decl":{"start":{"line":73,"column":13},"end":{"line":73,"column":18}},"loc":{"start":{"line":73,"column":18},"end":{"line":73,"column":26}},"line":73},"9":{"name":"(anonymous_9)","decl":{"start":{"line":77,"column":18},"end":{"line":77,"column":23}},"loc":{"start":{"line":77,"column":23},"end":{"line":77,"column":60}},"line":77},"10":{"name":"wrapInPrintableHTML","decl":{"start":{"line":89,"column":16},"end":{"line":89,"column":36}},"loc":{"start":{"line":89,"column":80},"end":{"line":171,"column":null}},"line":89},"11":{"name":"printMarkdownAsPDF","decl":{"start":{"line":176,"column":16},"end":{"line":176,"column":35}},"loc":{"start":{"line":176,"column":77},"end":{"line":188,"column":null}},"line":176},"12":{"name":"(anonymous_12)","decl":{"start":{"line":183,"column":25},"end":{"line":183,"column":31}},"loc":{"start":{"line":183,"column":31},"end":{"line":185,"column":null}},"line":183},"13":{"name":"(anonymous_13)","decl":{"start":{"line":187,"column":13},"end":{"line":187,"column":19}},"loc":{"start":{"line":187,"column":19},"end":{"line":187,"column":45}},"line":187}},"branchMap":{"0":{"loc":{"start":{"line":20,"column":4},"end":{"line":46,"column":null}},"type":"if","locations":[{"start":{"line":20,"column":4},"end":{"line":46,"column":null}},{"start":{"line":29,"column":4},"end":{"line":46,"column":null}}],"line":20},"1":{"loc":{"start":{"line":20,"column":8},"end":{"line":20,"column":59}},"type":"binary-expr","locations":[{"start":{"line":20,"column":8},"end":{"line":20,"column":30}},{"start":{"line":20,"column":30},"end":{"line":20,"column":59}}],"line":20},"2":{"loc":{"start":{"line":21,"column":6},"end":{"line":24,"column":null}},"type":"if","locations":[{"start":{"line":21,"column":6},"end":{"line":24,"column":null}},{"start":{},"end":{}}],"line":21},"3":{"loc":{"start":{"line":26,"column":6},"end":{"line":26,"column":null}},"type":"if","locations":[{"start":{"line":26,"column":6},"end":{"line":26,"column":null}},{"start":{},"end":{}}],"line":26},"4":{"loc":{"start":{"line":29,"column":4},"end":{"line":46,"column":null}},"type":"if","locations":[{"start":{"line":29,"column":4},"end":{"line":46,"column":null}},{"start":{},"end":{}}],"line":29},"5":{"loc":{"start":{"line":37,"column":20},"end":{"line":37,"column":null}},"type":"cond-expr","locations":[{"start":{"line":37,"column":32},"end":{"line":37,"column":39}},{"start":{"line":37,"column":39},"end":{"line":37,"column":null}}],"line":37},"6":{"loc":{"start":{"line":49,"column":4},"end":{"line":63,"column":null}},"type":"if","locations":[{"start":{"line":49,"column":4},"end":{"line":63,"column":null}},{"start":{"line":51,"column":4},"end":{"line":63,"column":null}}],"line":49},"7":{"loc":{"start":{"line":51,"column":4},"end":{"line":63,"column":null}},"type":"if","locations":[{"start":{"line":51,"column":4},"end":{"line":63,"column":null}},{"start":{"line":53,"column":4},"end":{"line":63,"column":null}}],"line":51},"8":{"loc":{"start":{"line":53,"column":4},"end":{"line":63,"column":null}},"type":"if","locations":[{"start":{"line":53,"column":4},"end":{"line":63,"column":null}},{"start":{"line":55,"column":4},"end":{"line":63,"column":null}}],"line":53},"9":{"loc":{"start":{"line":55,"column":4},"end":{"line":63,"column":null}},"type":"if","locations":[{"start":{"line":55,"column":4},"end":{"line":63,"column":null}},{"start":{"line":57,"column":4},"end":{"line":63,"column":null}}],"line":55},"10":{"loc":{"start":{"line":57,"column":4},"end":{"line":63,"column":null}},"type":"if","locations":[{"start":{"line":57,"column":4},"end":{"line":63,"column":null}},{"start":{"line":59,"column":4},"end":{"line":63,"column":null}}],"line":57},"11":{"loc":{"start":{"line":59,"column":4},"end":{"line":63,"column":null}},"type":"if","locations":[{"start":{"line":59,"column":4},"end":{"line":63,"column":null}},{"start":{"line":61,"column":4},"end":{"line":63,"column":null}}],"line":59},"12":{"loc":{"start":{"line":61,"column":4},"end":{"line":63,"column":null}},"type":"if","locations":[{"start":{"line":61,"column":4},"end":{"line":63,"column":null}},{"start":{},"end":{}}],"line":61},"13":{"loc":{"start":{"line":67,"column":2},"end":{"line":81,"column":null}},"type":"if","locations":[{"start":{"line":67,"column":2},"end":{"line":81,"column":null}},{"start":{},"end":{}}],"line":67},"14":{"loc":{"start":{"line":67,"column":6},"end":{"line":67,"column":39}},"type":"binary-expr","locations":[{"start":{"line":67,"column":6},"end":{"line":67,"column":17}},{"start":{"line":67,"column":17},"end":{"line":67,"column":39}}],"line":67},"15":{"loc":{"start":{"line":74,"column":18},"end":{"line":74,"column":null}},"type":"cond-expr","locations":[{"start":{"line":74,"column":30},"end":{"line":74,"column":37}},{"start":{"line":74,"column":37},"end":{"line":74,"column":null}}],"line":74},"16":{"loc":{"start":{"line":89,"column":54},"end":{"line":89,"column":80}},"type":"default-arg","locations":[{"start":{"line":89,"column":62},"end":{"line":89,"column":80}}],"line":89},"17":{"loc":{"start":{"line":176,"column":53},"end":{"line":176,"column":77}},"type":"default-arg","locations":[{"start":{"line":176,"column":61},"end":{"line":176,"column":77}}],"line":176},"18":{"loc":{"start":{"line":182,"column":2},"end":{"line":186,"column":null}},"type":"if","locations":[{"start":{"line":182,"column":2},"end":{"line":186,"column":null}},{"start":{},"end":{}}],"line":182}},"s":{"0":23,"1":23,"2":23,"3":23,"4":23,"5":30,"6":23,"7":23,"8":49,"9":49,"10":15,"11":5,"12":5,"13":15,"14":5,"15":10,"16":10,"17":34,"18":1,"19":1,"20":2,"21":8,"22":4,"23":2,"24":2,"25":4,"26":1,"27":1,"28":1,"29":34,"30":10,"31":24,"32":5,"33":19,"34":1,"35":18,"36":1,"37":17,"38":7,"39":10,"40":3,"41":7,"42":7,"43":49,"44":4,"45":4,"46":8,"47":28,"48":12,"49":8,"50":8,"51":12,"52":4,"53":23,"54":13,"55":6,"56":6,"57":6,"58":6,"59":6,"60":6,"61":5,"62":1,"63":6,"64":1},"f":{"0":23,"1":30,"2":2,"3":8,"4":4,"5":4,"6":8,"7":28,"8":12,"9":12,"10":13,"11":6,"12":1,"13":1},"b":{"0":[15,34],"1":[49,15],"2":[5,10],"3":[5,10],"4":[1,33],"5":[1,1],"6":[10,24],"7":[5,19],"8":[1,18],"9":[1,17],"10":[7,10],"11":[3,7],"12":[7,0],"13":[4,45],"14":[49,4],"15":[4,4],"16":[13],"17":[6],"18":[5,1]},"meta":{"lastBranch":19,"lastFunction":14,"lastStatement":65,"seen":{"f:5:16:5:38":0,"s:6:16:6:Infinity":0,"s:7:13:7:Infinity":1,"s:8:16:8:Infinity":2,"s:9:28:9:Infinity":3,"s:11:23:14:Infinity":4,"f:11:23:11:24":1,"s:12:4:14:Infinity":5,"s:16:2:64:Infinity":6,"s:16:15:16:18":7,"s:17:17:17:Infinity":8,"b:20:4:46:Infinity:29:4:46:Infinity":0,"s:20:4:46:Infinity":9,"b:20:8:20:30:20:30:20:59":1,"b:21:6:24:Infinity:undefined:undefined:undefined:undefined":2,"s:21:6:24:Infinity":10,"s:22:8:22:Infinity":11,"s:23:8:23:Infinity":12,"b:26:6:26:Infinity:undefined:undefined:undefined:undefined":3,"s:26:6:26:Infinity":13,"s:26:39:26:Infinity":14,"s:27:6:27:Infinity":15,"s:28:6:28:Infinity":16,"b:29:4:46:Infinity:undefined:undefined:undefined:undefined":4,"s:29:4:46:Infinity":17,"s:31:6:31:Infinity":18,"s:32:6:42:Infinity":19,"f:32:24:32:25":2,"s:33:22:36:Infinity":20,"f:35:18:35:23":3,"s:35:23:35:31":21,"f:36:15:36:20":4,"s:36:20:36:28":22,"s:37:20:37:Infinity":23,"b:37:32:37:39:37:39:37:Infinity":5,"s:38:8:41:Infinity":24,"f:40:20:40:25":5,"s:40:25:40:62":25,"s:43:6:43:Infinity":26,"s:44:6:44:Infinity":27,"s:45:6:45:Infinity":28,"b:49:4:63:Infinity:51:4:63:Infinity":6,"s:49:4:63:Infinity":29,"s:50:6:50:Infinity":30,"b:51:4:63:Infinity:53:4:63:Infinity":7,"s:51:4:63:Infinity":31,"s:52:6:52:Infinity":32,"b:53:4:63:Infinity:55:4:63:Infinity":8,"s:53:4:63:Infinity":33,"s:54:6:54:Infinity":34,"b:55:4:63:Infinity:57:4:63:Infinity":9,"s:55:4:63:Infinity":35,"s:56:6:56:Infinity":36,"b:57:4:63:Infinity:59:4:63:Infinity":10,"s:57:4:63:Infinity":37,"s:58:6:58:Infinity":38,"b:59:4:63:Infinity:61:4:63:Infinity":11,"s:59:4:63:Infinity":39,"s:60:6:60:Infinity":40,"b:61:4:63:Infinity:undefined:undefined:undefined:undefined":12,"s:61:4:63:Infinity":41,"s:62:6:62:Infinity":42,"b:67:2:81:Infinity:undefined:undefined:undefined:undefined":13,"s:67:2:81:Infinity":43,"b:67:6:67:17:67:17:67:39":14,"s:68:4:68:Infinity":44,"s:69:4:79:Infinity":45,"f:69:22:69:23":6,"s:70:20:73:Infinity":46,"f:72:16:72:21":7,"s:72:21:72:29":47,"f:73:13:73:18":8,"s:73:18:73:26":48,"s:74:18:74:Infinity":49,"b:74:30:74:37:74:37:74:Infinity":15,"s:75:6:78:Infinity":50,"f:77:18:77:23":9,"s:77:23:77:60":51,"s:80:4:80:Infinity":52,"s:83:2:83:Infinity":53,"f:89:16:89:36":10,"b:89:62:89:80":16,"s:90:2:168:Infinity":54,"f:176:16:176:35":11,"b:176:61:176:77":17,"s:177:19:177:Infinity":55,"s:178:19:178:Infinity":56,"s:179:15:179:Infinity":57,"s:180:14:180:Infinity":58,"s:181:22:181:Infinity":59,"b:182:2:186:Infinity:undefined:undefined:undefined:undefined":18,"s:182:2:186:Infinity":60,"s:183:4:185:Infinity":61,"f:183:25:183:31":12,"s:184:6:184:Infinity":62,"s:187:2:187:Infinity":63,"f:187:13:187:19":13,"s:187:19:187:45":64}}}
}
